#2026 05 30 18:20:27.397#Z#DEBUG#16392d49-5c54-11f1-800c-eeee0a9386c4.locationtracker-srv#flowable-async-job-executor-thread-2066#
[PollStageAppStatusExecution] 46d64383-2422-41f1-b8b0-64484484f561 [2026-05-30T18:09:47.751739] Updated app with guid 46d64383-2422-41f1-b8b0-64484484f561 ({"lifecycle"=>{"data"=>{"buildpacks"=>["nodejs_buildpack"]}, "type"=>"buildpack"}}) (STDOUT, API)#
#2026 05 30 18:20:27.397#Z#DEBUG#16392d49-5c54-11f1-800c-eeee0a9386c4.locationtracker-srv#flowable-async-job-executor-thread-2066#
[PollStageAppStatusExecution] 46d64383-2422-41f1-b8b0-64484484f561 [2026-05-30T18:09:47.858565] Updating process: "web" (STDOUT, API)#
#2026 05 30 18:20:27.397#Z#DEBUG#16392d49-5c54-11f1-800c-eeee0a9386c4.locationtracker-srv#flowable-async-job-executor-thread-2066#
[PollStageAppStatusExecution] 46d64383-2422-41f1-b8b0-64484484f561 [2026-05-30T18:09:48.023093] Updated app with guid 46d64383-2422-41f1-b8b0-64484484f561 ({"environment_variables"=>"[PRIVATE DATA HIDDEN]"}) (STDOUT, API)#
#2026 05 30 18:20:27.397#Z#DEBUG#16392d49-5c54-11f1-800c-eeee0a9386c4.locationtracker-srv#flowable-async-job-executor-thread-2066#
[PollStageAppStatusExecution] 46d64383-2422-41f1-b8b0-64484484f561 [2026-05-30T18:10:16.550447] Uploading app package for app with guid 46d64383-2422-41f1-b8b0-64484484f561 (STDOUT, API)#
#2026 05 30 18:20:27.397#Z#DEBUG#16392d49-5c54-11f1-800c-eeee0a9386c4.locationtracker-srv#flowable-async-job-executor-thread-2066#
[PollStageAppStatusExecution] 46d64383-2422-41f1-b8b0-64484484f561 [2026-05-30T18:10:16.777245] Updated app with guid 46d64383-2422-41f1-b8b0-64484484f561 ({"environment_variables"=>"[PRIVATE DATA HIDDEN]"}) (STDOUT, API)#
#2026 05 30 18:20:27.397#Z#DEBUG#16392d49-5c54-11f1-800c-eeee0a9386c4.locationtracker-srv#flowable-async-job-executor-thread-2066#
[PollStageAppStatusExecution] 46d64383-2422-41f1-b8b0-64484484f561 [2026-05-30T18:10:26.785306] Stopping app with guid 46d64383-2422-41f1-b8b0-64484484f561 (STDOUT, API)#
#2026 05 30 18:20:27.397#Z#DEBUG#16392d49-5c54-11f1-800c-eeee0a9386c4.locationtracker-srv#flowable-async-job-executor-thread-2066#
[PollStageAppStatusExecution] 46d64383-2422-41f1-b8b0-64484484f561 [2026-05-30T18:10:26.840296] Cell 4401fcd0-006d-4ceb-9b51-aa22a1b186cf stopping instance f5eda558-7547-481d-4b1c-347e (STDOUT, CELL)#
#2026 05 30 18:20:27.397#Z#DEBUG#16392d49-5c54-11f1-800c-eeee0a9386c4.locationtracker-srv#flowable-async-job-executor-thread-2066#
[PollStageAppStatusExecution] 46d64383-2422-41f1-b8b0-64484484f561 [2026-05-30T18:10:27.024954] Creating build for app with guid 46d64383-2422-41f1-b8b0-64484484f561 (STDOUT, API)#
#2026 05 30 18:20:27.397#Z#DEBUG#16392d49-5c54-11f1-800c-eeee0a9386c4.locationtracker-srv#flowable-async-job-executor-thread-2066#
[PollStageAppStatusExecution] 46d64383-2422-41f1-b8b0-64484484f561 [2026-05-30T18:10:27.374286] Downloading nodejs_buildpack... (STDOUT, STG)#
#2026 05 30 18:20:27.397#Z#DEBUG#16392d49-5c54-11f1-800c-eeee0a9386c4.locationtracker-srv#flowable-async-job-executor-thread-2066#
[PollStageAppStatusExecution] 46d64383-2422-41f1-b8b0-64484484f561 [2026-05-30T18:10:27.407204] Downloaded nodejs_buildpack (STDOUT, STG)#
#2026 05 30 18:20:27.397#Z#DEBUG#16392d49-5c54-11f1-800c-eeee0a9386c4.locationtracker-srv#flowable-async-job-executor-thread-2066#
[PollStageAppStatusExecution] 46d64383-2422-41f1-b8b0-64484484f561 [2026-05-30T18:10:27.407267] Cell 1ea14514-f0fe-461c-9aa9-a53bbe093b00 creating container for instance 1701ed01-af2e-4dee-aa83-44d555a5f0bd (STDOUT, STG)#
#2026 05 30 18:20:27.397#Z#DEBUG#16392d49-5c54-11f1-800c-eeee0a9386c4.locationtracker-srv#flowable-async-job-executor-thread-2066#
[PollStageAppStatusExecution] 46d64383-2422-41f1-b8b0-64484484f561 [2026-05-30T18:10:28.311550] Security group rules were updated (STDOUT, STG)#
#2026 05 30 18:20:27.397#Z#DEBUG#16392d49-5c54-11f1-800c-eeee0a9386c4.locationtracker-srv#flowable-async-job-executor-thread-2066#
[PollStageAppStatusExecution] 46d64383-2422-41f1-b8b0-64484484f561 [2026-05-30T18:10:28.422998] Cell 1ea14514-f0fe-461c-9aa9-a53bbe093b00 successfully created container for instance 1701ed01-af2e-4dee-aa83-44d555a5f0bd (STDOUT, STG)#
#2026 05 30 18:20:27.397#Z#DEBUG#16392d49-5c54-11f1-800c-eeee0a9386c4.locationtracker-srv#flowable-async-job-executor-thread-2066#
[PollStageAppStatusExecution] 46d64383-2422-41f1-b8b0-64484484f561 [2026-05-30T18:10:29.603199] Downloading app package... (STDOUT, STG)#
#2026 05 30 18:20:27.397#Z#DEBUG#16392d49-5c54-11f1-800c-eeee0a9386c4.locationtracker-srv#flowable-async-job-executor-thread-2066#
[PollStageAppStatusExecution] 46d64383-2422-41f1-b8b0-64484484f561 [2026-05-30T18:10:29.603213] Downloading build artifacts cache... (STDOUT, STG)#
#2026 05 30 18:20:27.397#Z#DEBUG#16392d49-5c54-11f1-800c-eeee0a9386c4.locationtracker-srv#flowable-async-job-executor-thread-2066#
[PollStageAppStatusExecution] 46d64383-2422-41f1-b8b0-64484484f561 [2026-05-30T18:10:29.637671] Downloaded build artifacts cache (227B) (STDOUT, STG)#
#2026 05 30 18:20:27.397#Z#DEBUG#16392d49-5c54-11f1-800c-eeee0a9386c4.locationtracker-srv#flowable-async-job-executor-thread-2066#
[PollStageAppStatusExecution] 46d64383-2422-41f1-b8b0-64484484f561 [2026-05-30T18:10:30.648116] Downloaded app package (4.7M) (STDOUT, STG)#
#2026 05 30 18:20:27.397#Z#DEBUG#16392d49-5c54-11f1-800c-eeee0a9386c4.locationtracker-srv#flowable-async-job-executor-thread-2066#
[PollStageAppStatusExecution] 46d64383-2422-41f1-b8b0-64484484f561 [2026-05-30T18:10:30.792075] -----> Nodejs Buildpack version 1.8.44 (STDOUT, STG)#
#2026 05 30 18:20:27.397#Z#DEBUG#16392d49-5c54-11f1-800c-eeee0a9386c4.locationtracker-srv#flowable-async-job-executor-thread-2066#
[PollStageAppStatusExecution] 46d64383-2422-41f1-b8b0-64484484f561 [2026-05-30T18:10:31.201772] -----> Bootstrapping python (STDOUT, STG)#
#2026 05 30 18:20:27.397#Z#DEBUG#16392d49-5c54-11f1-800c-eeee0a9386c4.locationtracker-srv#flowable-async-job-executor-thread-2066#
[PollStageAppStatusExecution] 46d64383-2422-41f1-b8b0-64484484f561 [2026-05-30T18:10:31.201789] -----> Installing python 3.11.14 (STDOUT, STG)#
#2026 05 30 18:20:27.397#Z#DEBUG#16392d49-5c54-11f1-800c-eeee0a9386c4.locationtracker-srv#flowable-async-job-executor-thread-2066#
[PollStageAppStatusExecution] 46d64383-2422-41f1-b8b0-64484484f561 [2026-05-30T18:10:31.201846] Copy [/tmp/buildpacks/ee597f2be8090397/dependencies/b5e0345ae0ae1932e7d56fffaa49a487/python_3.11.14_linux_x64_cflinuxfs4_66f53248.tgz] (STDOUT, STG)#
#2026 05 30 18:20:27.397#Z#DEBUG#16392d49-5c54-11f1-800c-eeee0a9386c4.locationtracker-srv#flowable-async-job-executor-thread-2066#
[PollStageAppStatusExecution] 46d64383-2422-41f1-b8b0-64484484f561 [2026-05-30T18:10:36.822787] -----> Installing binaries (STDOUT, STG)#
#2026 05 30 18:20:27.397#Z#DEBUG#16392d49-5c54-11f1-800c-eeee0a9386c4.locationtracker-srv#flowable-async-job-executor-thread-2066#
[PollStageAppStatusExecution] 46d64383-2422-41f1-b8b0-64484484f561 [2026-05-30T18:10:36.822951] engines.node (package.json): >=20 (STDOUT, STG)#
#2026 05 30 18:20:27.397#Z#DEBUG#16392d49-5c54-11f1-800c-eeee0a9386c4.locationtracker-srv#flowable-async-job-executor-thread-2066#
[PollStageAppStatusExecution] 46d64383-2422-41f1-b8b0-64484484f561 [2026-05-30T18:10:36.822963] engines.npm (package.json): unspecified (use default) (STDOUT, STG)#
#2026 05 30 18:20:27.397#Z#DEBUG#16392d49-5c54-11f1-800c-eeee0a9386c4.locationtracker-srv#flowable-async-job-executor-thread-2066#
[PollStageAppStatusExecution] 46d64383-2422-41f1-b8b0-64484484f561 [2026-05-30T18:10:36.822970] [31;1m**WARNING**[0m Dangerous semver range (>) in engines.node. See: http://docs.cloudfoundry.org/buildpacks/node/node-tips.html (STDOUT, STG)#
#2026 05 30 18:20:27.397#Z#DEBUG#16392d49-5c54-11f1-800c-eeee0a9386c4.locationtracker-srv#flowable-async-job-executor-thread-2066#
[PollStageAppStatusExecution] 46d64383-2422-41f1-b8b0-64484484f561 [2026-05-30T18:10:36.823137] -----> Installing node 24.13.0 (STDOUT, STG)#
#2026 05 30 18:20:27.397#Z#DEBUG#16392d49-5c54-11f1-800c-eeee0a9386c4.locationtracker-srv#flowable-async-job-executor-thread-2066#
[PollStageAppStatusExecution] 46d64383-2422-41f1-b8b0-64484484f561 [2026-05-30T18:10:36.823377] Copy [/tmp/buildpacks/ee597f2be8090397/dependencies/2f5692219fecc3eee6e6d507a6bfe7b9/node_24.13.0_linux_x64_cflinuxfs4_a816dee1.tgz] (STDOUT, STG)#
#2026 05 30 18:20:27.397#Z#DEBUG#16392d49-5c54-11f1-800c-eeee0a9386c4.locationtracker-srv#flowable-async-job-executor-thread-2066#
[PollStageAppStatusExecution] 46d64383-2422-41f1-b8b0-64484484f561 [2026-05-30T18:10:40.315793] Using default npm version: 11.6.2 (STDOUT, STG)#
#2026 05 30 18:20:27.397#Z#DEBUG#16392d49-5c54-11f1-800c-eeee0a9386c4.locationtracker-srv#flowable-async-job-executor-thread-2066#
[PollStageAppStatusExecution] 46d64383-2422-41f1-b8b0-64484484f561 [2026-05-30T18:10:40.315815] -----> Installing yarn 1.22.22 (STDOUT, STG)#
#2026 05 30 18:20:27.397#Z#DEBUG#16392d49-5c54-11f1-800c-eeee0a9386c4.locationtracker-srv#flowable-async-job-executor-thread-2066#
[PollStageAppStatusExecution] 46d64383-2422-41f1-b8b0-64484484f561 [2026-05-30T18:10:40.315850] Copy [/tmp/buildpacks/ee597f2be8090397/dependencies/e3a39aedd1236924d69cc2d0637a8ed2/yarn_1.22.22_linux_noarch_any-stack_4911d0a6.tgz] (STDOUT, STG)#
#2026 05 30 18:20:27.397#Z#DEBUG#16392d49-5c54-11f1-800c-eeee0a9386c4.locationtracker-srv#flowable-async-job-executor-thread-2066#
[PollStageAppStatusExecution] 46d64383-2422-41f1-b8b0-64484484f561 [2026-05-30T18:10:40.787827] Installed yarn 1.22.22 (STDOUT, STG)#
#2026 05 30 18:20:27.397#Z#DEBUG#16392d49-5c54-11f1-800c-eeee0a9386c4.locationtracker-srv#flowable-async-job-executor-thread-2066#
[PollStageAppStatusExecution] 46d64383-2422-41f1-b8b0-64484484f561 [2026-05-30T18:10:40.787854] -----> Creating runtime environment (STDOUT, STG)#
#2026 05 30 18:20:27.397#Z#DEBUG#16392d49-5c54-11f1-800c-eeee0a9386c4.locationtracker-srv#flowable-async-job-executor-thread-2066#
[PollStageAppStatusExecution] 46d64383-2422-41f1-b8b0-64484484f561 [2026-05-30T18:10:40.790120] NODE_ENV=production (STDOUT, STG)#
#2026 05 30 18:20:27.397#Z#DEBUG#16392d49-5c54-11f1-800c-eeee0a9386c4.locationtracker-srv#flowable-async-job-executor-thread-2066#
[PollStageAppStatusExecution] 46d64383-2422-41f1-b8b0-64484484f561 [2026-05-30T18:10:40.790131] NODE_HOME=/tmp/contents1376763542/deps/0/node (STDOUT, STG)#
#2026 05 30 18:20:27.397#Z#DEBUG#16392d49-5c54-11f1-800c-eeee0a9386c4.locationtracker-srv#flowable-async-job-executor-thread-2066#
[PollStageAppStatusExecution] 46d64383-2422-41f1-b8b0-64484484f561 [2026-05-30T18:10:40.790135] NODE_MODULES_CACHE=true (STDOUT, STG)#
#2026 05 30 18:20:27.398#Z#DEBUG#16392d49-5c54-11f1-800c-eeee0a9386c4.locationtracker-srv#flowable-async-job-executor-thread-2066#
[PollStageAppStatusExecution] 46d64383-2422-41f1-b8b0-64484484f561 [2026-05-30T18:10:40.790139] NODE_VERBOSE=false (STDOUT, STG)#
#2026 05 30 18:20:27.398#Z#DEBUG#16392d49-5c54-11f1-800c-eeee0a9386c4.locationtracker-srv#flowable-async-job-executor-thread-2066#
[PollStageAppStatusExecution] 46d64383-2422-41f1-b8b0-64484484f561 [2026-05-30T18:10:40.790145] NPM_CONFIG_LOGLEVEL=error (STDOUT, STG)#
#2026 05 30 18:20:27.398#Z#DEBUG#16392d49-5c54-11f1-800c-eeee0a9386c4.locationtracker-srv#flowable-async-job-executor-thread-2066#
[PollStageAppStatusExecution] 46d64383-2422-41f1-b8b0-64484484f561 [2026-05-30T18:10:40.790149] NPM_CONFIG_PRODUCTION=true (STDOUT, STG)#
#2026 05 30 18:20:27.398#Z#DEBUG#16392d49-5c54-11f1-800c-eeee0a9386c4.locationtracker-srv#flowable-async-job-executor-thread-2066#
[PollStageAppStatusExecution] 46d64383-2422-41f1-b8b0-64484484f561 [2026-05-30T18:10:40.790225] -----> Building dependencies (STDOUT, STG)#
#2026 05 30 18:20:27.398#Z#DEBUG#16392d49-5c54-11f1-800c-eeee0a9386c4.locationtracker-srv#flowable-async-job-executor-thread-2066#
[PollStageAppStatusExecution] 46d64383-2422-41f1-b8b0-64484484f561 [2026-05-30T18:10:40.790234] Prebuild detected (node_modules already exists) (STDOUT, STG)#
#2026 05 30 18:20:27.398#Z#DEBUG#16392d49-5c54-11f1-800c-eeee0a9386c4.locationtracker-srv#flowable-async-job-executor-thread-2066#
[PollStageAppStatusExecution] 46d64383-2422-41f1-b8b0-64484484f561 [2026-05-30T18:10:40.790250] Rebuilding any native modules (STDOUT, STG)#
#2026 05 30 18:20:27.398#Z#DEBUG#16392d49-5c54-11f1-800c-eeee0a9386c4.locationtracker-srv#flowable-async-job-executor-thread-2066#
[PollStageAppStatusExecution] 46d64383-2422-41f1-b8b0-64484484f561 [2026-05-30T18:10:41.657248] rebuilt dependencies successfully (STDOUT, STG)#
#2026 05 30 18:20:27.398#Z#DEBUG#16392d49-5c54-11f1-800c-eeee0a9386c4.locationtracker-srv#flowable-async-job-executor-thread-2066#
[PollStageAppStatusExecution] 46d64383-2422-41f1-b8b0-64484484f561 [2026-05-30T18:10:41.659286] npm notice (STDOUT, STG)#
#2026 05 30 18:20:27.398#Z#DEBUG#16392d49-5c54-11f1-800c-eeee0a9386c4.locationtracker-srv#flowable-async-job-executor-thread-2066#
[PollStageAppStatusExecution] 46d64383-2422-41f1-b8b0-64484484f561 [2026-05-30T18:10:41.659304] npm notice New minor version of npm available! 11.6.2 -> 11.16.0 (STDOUT, STG)#
#2026 05 30 18:20:27.398#Z#DEBUG#16392d49-5c54-11f1-800c-eeee0a9386c4.locationtracker-srv#flowable-async-job-executor-thread-2066#
[PollStageAppStatusExecution] 46d64383-2422-41f1-b8b0-64484484f561 [2026-05-30T18:10:41.659309] npm notice Changelog: https://github.com/npm/cli/releases/tag/v11.16.0 (STDOUT, STG)#
#2026 05 30 18:20:27.398#Z#DEBUG#16392d49-5c54-11f1-800c-eeee0a9386c4.locationtracker-srv#flowable-async-job-executor-thread-2066#
[PollStageAppStatusExecution] 46d64383-2422-41f1-b8b0-64484484f561 [2026-05-30T18:10:41.659313] npm notice To update run: npm install -g npm@11.16.0 (STDOUT, STG)#
#2026 05 30 18:20:27.398#Z#DEBUG#16392d49-5c54-11f1-800c-eeee0a9386c4.locationtracker-srv#flowable-async-job-executor-thread-2066#
[PollStageAppStatusExecution] 46d64383-2422-41f1-b8b0-64484484f561 [2026-05-30T18:10:41.659316] npm notice (STDOUT, STG)#
#2026 05 30 18:20:27.398#Z#DEBUG#16392d49-5c54-11f1-800c-eeee0a9386c4.locationtracker-srv#flowable-async-job-executor-thread-2066#
[PollStageAppStatusExecution] 46d64383-2422-41f1-b8b0-64484484f561 [2026-05-30T18:10:41.746236] Installing any new modules (package.json + package-lock.json) (STDOUT, STG)#
#2026 05 30 18:20:27.398#Z#DEBUG#16392d49-5c54-11f1-800c-eeee0a9386c4.locationtracker-srv#flowable-async-job-executor-thread-2066#
[PollStageAppStatusExecution] 46d64383-2422-41f1-b8b0-64484484f561 [2026-05-30T18:10:42.637355] removed 1 package in 798ms (STDOUT, STG)#
#2026 05 30 18:20:27.398#Z#DEBUG#16392d49-5c54-11f1-800c-eeee0a9386c4.locationtracker-srv#flowable-async-job-executor-thread-2066#
[PollStageAppStatusExecution] 46d64383-2422-41f1-b8b0-64484484f561 [2026-05-30T18:10:42.637737] 19 packages are looking for funding (STDOUT, STG)#
#2026 05 30 18:20:27.398#Z#DEBUG#16392d49-5c54-11f1-800c-eeee0a9386c4.locationtracker-srv#flowable-async-job-executor-thread-2066#
[PollStageAppStatusExecution] 46d64383-2422-41f1-b8b0-64484484f561 [2026-05-30T18:10:42.637869] run `npm fund` for details (STDOUT, STG)#
#2026 05 30 18:20:27.398#Z#DEBUG#16392d49-5c54-11f1-800c-eeee0a9386c4.locationtracker-srv#flowable-async-job-executor-thread-2066#
[PollStageAppStatusExecution] 46d64383-2422-41f1-b8b0-64484484f561 [2026-05-30T18:10:43.580684] Contrast Security no credentials found. Will not write environment files. (STDOUT, STG)#
#2026 05 30 18:20:27.398#Z#DEBUG#16392d49-5c54-11f1-800c-eeee0a9386c4.locationtracker-srv#flowable-async-job-executor-thread-2066#
[PollStageAppStatusExecution] 46d64383-2422-41f1-b8b0-64484484f561 [2026-05-30T18:10:57.787808] Exit status 0 (STDOUT, STG)#
#2026 05 30 18:20:27.398#Z#DEBUG#16392d49-5c54-11f1-800c-eeee0a9386c4.locationtracker-srv#flowable-async-job-executor-thread-2066#
[PollStageAppStatusExecution] 46d64383-2422-41f1-b8b0-64484484f561 [2026-05-30T18:10:57.787897] Uploading droplet, build artifacts cache... (STDOUT, STG)#
#2026 05 30 18:20:27.398#Z#DEBUG#16392d49-5c54-11f1-800c-eeee0a9386c4.locationtracker-srv#flowable-async-job-executor-thread-2066#
[PollStageAppStatusExecution] 46d64383-2422-41f1-b8b0-64484484f561 [2026-05-30T18:10:57.787985] Uploading droplet... (STDOUT, STG)#
#2026 05 30 18:20:27.398#Z#DEBUG#16392d49-5c54-11f1-800c-eeee0a9386c4.locationtracker-srv#flowable-async-job-executor-thread-2066#
[PollStageAppStatusExecution] 46d64383-2422-41f1-b8b0-64484484f561 [2026-05-30T18:10:57.788025] Uploading build artifacts cache... (STDOUT, STG)#
#2026 05 30 18:20:27.398#Z#DEBUG#16392d49-5c54-11f1-800c-eeee0a9386c4.locationtracker-srv#flowable-async-job-executor-thread-2066#
[PollStageAppStatusExecution] 46d64383-2422-41f1-b8b0-64484484f561 [2026-05-30T18:10:57.825229] Uploaded build artifacts cache (228B) (STDOUT, STG)#
#2026 05 30 18:20:27.398#Z#DEBUG#16392d49-5c54-11f1-800c-eeee0a9386c4.locationtracker-srv#flowable-async-job-executor-thread-2066#
[PollStageAppStatusExecution] 46d64383-2422-41f1-b8b0-64484484f561 [2026-05-30T18:10:58.655776] Creating droplet for app with guid 46d64383-2422-41f1-b8b0-64484484f561 (STDOUT, API)#
#2026 05 30 18:20:27.398#Z#DEBUG#16392d49-5c54-11f1-800c-eeee0a9386c4.locationtracker-srv#flowable-async-job-executor-thread-2066#
[PollStageAppStatusExecution] 46d64383-2422-41f1-b8b0-64484484f561 [2026-05-30T18:11:02.737340] Uploaded droplet (59.6M) (STDOUT, STG)#
#2026 05 30 18:20:27.398#Z#DEBUG#16392d49-5c54-11f1-800c-eeee0a9386c4.locationtracker-srv#flowable-async-job-executor-thread-2066#
[PollStageAppStatusExecution] 46d64383-2422-41f1-b8b0-64484484f561 [2026-05-30T18:11:02.775478] Uploading complete (STDOUT, STG)#
#2026 05 30 18:20:27.398#Z#DEBUG#16392d49-5c54-11f1-800c-eeee0a9386c4.locationtracker-srv#flowable-async-job-executor-thread-2066#
[PollStageAppStatusExecution] 46d64383-2422-41f1-b8b0-64484484f561 [2026-05-30T18:11:03.204216] Cell 1ea14514-f0fe-461c-9aa9-a53bbe093b00 stopping instance 1701ed01-af2e-4dee-aa83-44d555a5f0bd (STDOUT, STG)#
#2026 05 30 18:20:27.398#Z#DEBUG#16392d49-5c54-11f1-800c-eeee0a9386c4.locationtracker-srv#flowable-async-job-executor-thread-2066#
[PollStageAppStatusExecution] 46d64383-2422-41f1-b8b0-64484484f561 [2026-05-30T18:11:03.204250] Cell 1ea14514-f0fe-461c-9aa9-a53bbe093b00 destroying container for instance 1701ed01-af2e-4dee-aa83-44d555a5f0bd (STDOUT, STG)#
#2026 05 30 18:20:27.398#Z#DEBUG#16392d49-5c54-11f1-800c-eeee0a9386c4.locationtracker-srv#flowable-async-job-executor-thread-2066#
[PollStageAppStatusExecution] 46d64383-2422-41f1-b8b0-64484484f561 [2026-05-30T18:11:03.281573] Staging complete for build 1701ed01-af2e-4dee-aa83-44d555a5f0bd (STDOUT, API)#
#2026 05 30 18:20:27.398#Z#DEBUG#16392d49-5c54-11f1-800c-eeee0a9386c4.locationtracker-srv#flowable-async-job-executor-thread-2066#
[PollStageAppStatusExecution] 46d64383-2422-41f1-b8b0-64484484f561 [2026-05-30T18:11:06.663421] Updated app with guid 46d64383-2422-41f1-b8b0-64484484f561 ({:droplet_guid=>"2615ce4b-d89d-4b90-9069-95fecc9c5a07"}) (STDOUT, API)#
#2026 05 30 18:20:27.398#Z#DEBUG#16392d49-5c54-11f1-800c-eeee0a9386c4.locationtracker-srv#flowable-async-job-executor-thread-2066#
[PollStageAppStatusExecution] 46d64383-2422-41f1-b8b0-64484484f561 [2026-05-30T18:11:06.707726] Cell 1ea14514-f0fe-461c-9aa9-a53bbe093b00 successfully destroyed container for instance 1701ed01-af2e-4dee-aa83-44d555a5f0bd (STDOUT, STG)#
#2026 05 30 18:20:27.398#Z#DEBUG#16392d49-5c54-11f1-800c-eeee0a9386c4.locationtracker-srv#flowable-async-job-executor-thread-2066#
[PollStageAppStatusExecution] 46d64383-2422-41f1-b8b0-64484484f561 [2026-05-30T18:11:06.910334] Creating revision for app with guid 46d64383-2422-41f1-b8b0-64484484f561 (STDOUT, API)#
#2026 05 30 18:20:27.398#Z#DEBUG#16392d49-5c54-11f1-800c-eeee0a9386c4.locationtracker-srv#flowable-async-job-executor-thread-2066#
[PollStageAppStatusExecution] 46d64383-2422-41f1-b8b0-64484484f561 [2026-05-30T18:11:06.974348] Starting app with guid 46d64383-2422-41f1-b8b0-64484484f561 (STDOUT, API)#
#2026 05 30 18:20:27.398#Z#DEBUG#16392d49-5c54-11f1-800c-eeee0a9386c4.locationtracker-srv#flowable-async-job-executor-thread-2066#
[PollStageAppStatusExecution] 46d64383-2422-41f1-b8b0-64484484f561 [2026-05-30T18:11:07.246947] Cell 1ea14514-f0fe-461c-9aa9-a53bbe093b00 creating container for instance 080dd5c9-cfc9-4817-689a-4207 (STDOUT, CELL)#
#2026 05 30 18:20:27.398#Z#DEBUG#16392d49-5c54-11f1-800c-eeee0a9386c4.locationtracker-srv#flowable-async-job-executor-thread-2066#
[PollStageAppStatusExecution] 46d64383-2422-41f1-b8b0-64484484f561 [2026-05-30T18:11:08.251206] Security group rules were updated (STDOUT, CELL)#
#2026 05 30 18:20:27.398#Z#DEBUG#16392d49-5c54-11f1-800c-eeee0a9386c4.locationtracker-srv#flowable-async-job-executor-thread-2066#
[PollStageAppStatusExecution] 46d64383-2422-41f1-b8b0-64484484f561 [2026-05-30T18:11:08.367521] Cell 1ea14514-f0fe-461c-9aa9-a53bbe093b00 successfully created container for instance 080dd5c9-cfc9-4817-689a-4207 (STDOUT, CELL)#
#2026 05 30 18:20:27.398#Z#DEBUG#16392d49-5c54-11f1-800c-eeee0a9386c4.locationtracker-srv#flowable-async-job-executor-thread-2066#
[PollStageAppStatusExecution] 46d64383-2422-41f1-b8b0-64484484f561 [2026-05-30T18:11:08.801186] Downloading droplet... (STDOUT, CELL)#
#2026 05 30 18:20:27.398#Z#DEBUG#16392d49-5c54-11f1-800c-eeee0a9386c4.locationtracker-srv#flowable-async-job-executor-thread-2066#
[PollStageAppStatusExecution] 46d64383-2422-41f1-b8b0-64484484f561 [2026-05-30T18:11:14.537983] Downloaded droplet (59.6M) (STDOUT, CELL)#
#2026 05 30 18:20:27.398#Z#DEBUG#16392d49-5c54-11f1-800c-eeee0a9386c4.locationtracker-srv#flowable-async-job-executor-thread-2066#
[PollStageAppStatusExecution] 46d64383-2422-41f1-b8b0-64484484f561 [2026-05-30T18:11:14.538158] Starting health monitoring of container (STDOUT, CELL)#
#2026 05 30 18:20:27.398#Z#DEBUG#16392d49-5c54-11f1-800c-eeee0a9386c4.locationtracker-srv#flowable-async-job-executor-thread-2066#
[PollStageAppStatusExecution] 46d64383-2422-41f1-b8b0-64484484f561 [2026-05-30T18:11:14.688521] Invoking pre-start scripts. (STDOUT, APP/PROC/WEB)#
#2026 05 30 18:20:27.398#Z#DEBUG#16392d49-5c54-11f1-800c-eeee0a9386c4.locationtracker-srv#flowable-async-job-executor-thread-2066#
[PollStageAppStatusExecution] 46d64383-2422-41f1-b8b0-64484484f561 [2026-05-30T18:11:14.997688] Invoking start command. (STDOUT, APP/PROC/WEB)#
#2026 05 30 18:20:27.398#Z#DEBUG#16392d49-5c54-11f1-800c-eeee0a9386c4.locationtracker-srv#flowable-async-job-executor-thread-2066#
[PollStageAppStatusExecution] 46d64383-2422-41f1-b8b0-64484484f561 [2026-05-30T18:11:15.559001] > locationtracker@1.0.0 start (STDOUT, APP/PROC/WEB)#
#2026 05 30 18:20:27.398#Z#DEBUG#16392d49-5c54-11f1-800c-eeee0a9386c4.locationtracker-srv#flowable-async-job-executor-thread-2066#
[PollStageAppStatusExecution] 46d64383-2422-41f1-b8b0-64484484f561 [2026-05-30T18:11:15.559024] > cds-serve (STDOUT, APP/PROC/WEB)#
#2026 05 30 18:20:27.398#Z#DEBUG#16392d49-5c54-11f1-800c-eeee0a9386c4.locationtracker-srv#flowable-async-job-executor-thread-2066#
[PollStageAppStatusExecution] 46d64383-2422-41f1-b8b0-64484484f561 [2026-05-30T18:11:15.644502] [cds] - bootstrapping from { file: 'server.js' } (STDOUT, APP/PROC/WEB)#
#2026 05 30 18:20:27.398#Z#DEBUG#16392d49-5c54-11f1-800c-eeee0a9386c4.locationtracker-srv#flowable-async-job-executor-thread-2066#
[PollStageAppStatusExecution] 46d64383-2422-41f1-b8b0-64484484f561 [2026-05-30T18:11:16.062725] {"level":"info","logger":"cds","timestamp":"2026-05-30T18:11:16.061Z","layer":"cds","component_type":"application","container_id":"10.32.1.5","component_id":"46d64383-2422-41f1-b8b0-64484484f561","component_name":"locationtracker-srv","component_instance":0,"source_instance":0,"organization_name":"32e70d48trial","organization_id":"3096625c-a615-4794-b230-ad07a78f81a6","space_name":"dev","space_id":"311b2b8e-ad70-4250-b564-f04f2f3949ff","msg":"connect to db > hana {\n  database_id: '03d993f6-3844-4d66-9553-715021ab076b',\n  host: '03d993f6-3844-4d66-9553-715021ab076b.hana.prod-ap21.hanacloud.ondemand.com',\n  port: '443',\n  driver: 'com.sap.db.jdbc.Driver',\n  url: 'jdbc:sap://03d993f6-3844-4d66-9553-715021ab076b.hana.prod-ap21.hanacloud.ondemand.com:443?encrypt=true&validateCertificate=true&currentschema=BB112AD32AA34196814BD1874D7002CE',\n  schema: 'BB112AD32AA34196814BD1874D7002CE',\n  certificate: '...',\n  hdi_user: 'BB112AD32AA34196814BD1874D7002CE_F1DMRQB1KXP88P9OOUQBE7XOQ_DT',\n  hdi_password: '...',\n  user: 'BB112AD32AA34196814BD1874D7002CE_F1DMRQB1KXP88P9OOUQBE7XOQ_RT',\n  password: '...'\n}","type":"log"} (STDOUT, APP/PROC/WEB)#
#2026 05 30 18:20:27.398#Z#DEBUG#16392d49-5c54-11f1-800c-eeee0a9386c4.locationtracker-srv#flowable-async-job-executor-thread-2066#
[PollStageAppStatusExecution] 46d64383-2422-41f1-b8b0-64484484f561 [2026-05-30T18:11:16.160976] {"level":"info","logger":"cds","timestamp":"2026-05-30T18:11:16.160Z","layer":"cds","component_type":"application","container_id":"10.32.1.5","component_id":"46d64383-2422-41f1-b8b0-64484484f561","component_name":"locationtracker-srv","component_instance":0,"source_instance":0,"organization_name":"32e70d48trial","organization_id":"3096625c-a615-4794-b230-ad07a78f81a6","space_name":"dev","space_id":"311b2b8e-ad70-4250-b564-f04f2f3949ff","msg":"loaded model from 1 file(s):\n ","type":"log"} (STDOUT, APP/PROC/WEB)#
#2026 05 30 18:20:27.398#Z#DEBUG#16392d49-5c54-11f1-800c-eeee0a9386c4.locationtracker-srv#flowable-async-job-executor-thread-2066#
[PollStageAppStatusExecution] 46d64383-2422-41f1-b8b0-64484484f561 [2026-05-30T18:11:16.161061] srv/csn.json (STDOUT, APP/PROC/WEB)#
#2026 05 30 18:20:27.398#Z#DEBUG#16392d49-5c54-11f1-800c-eeee0a9386c4.locationtracker-srv#flowable-async-job-executor-thread-2066#
[PollStageAppStatusExecution] 46d64383-2422-41f1-b8b0-64484484f561 [2026-05-30T18:11:16.371848] {"level":"info","logger":"cds","timestamp":"2026-05-30T18:11:16.371Z","layer":"cds","component_type":"application","container_id":"10.32.1.5","component_id":"46d64383-2422-41f1-b8b0-64484484f561","component_name":"locationtracker-srv","component_instance":0,"source_instance":0,"organization_name":"32e70d48trial","organization_id":"3096625c-a615-4794-b230-ad07a78f81a6","space_name":"dev","space_id":"311b2b8e-ad70-4250-b564-f04f2f3949ff","msg":"using auth strategy { kind: 'xsuaa' }","type":"log"} (STDOUT, APP/PROC/WEB)#
#2026 05 30 18:20:27.398#Z#DEBUG#16392d49-5c54-11f1-800c-eeee0a9386c4.locationtracker-srv#flowable-async-job-executor-thread-2066#
[PollStageAppStatusExecution] 46d64383-2422-41f1-b8b0-64484484f561 [2026-05-30T18:11:16.405404] {"level":"info","logger":"cds","timestamp":"2026-05-30T18:11:16.405Z","layer":"cds","component_type":"application","container_id":"10.32.1.5","component_id":"46d64383-2422-41f1-b8b0-64484484f561","component_name":"locationtracker-srv","component_instance":0,"source_instance":0,"organization_name":"32e70d48trial","organization_id":"3096625c-a615-4794-b230-ad07a78f81a6","space_name":"dev","space_id":"311b2b8e-ad70-4250-b564-f04f2f3949ff","msg":"serving TrackerService {\n  at: [ '/tracker' ],\n  decl: 'srv/csn.json:720',\n  impl: 'srv/tracker_service.js'\n}","type":"log"} (STDOUT, APP/PROC/WEB)#
#2026 05 30 18:20:27.398#Z#DEBUG#16392d49-5c54-11f1-800c-eeee0a9386c4.locationtracker-srv#flowable-async-job-executor-thread-2066#
[PollStageAppStatusExecution] 46d64383-2422-41f1-b8b0-64484484f561 [2026-05-30T18:11:16.415827] {"level":"info","logger":"cds","timestamp":"2026-05-30T18:11:16.415Z","layer":"cds","component_type":"application","container_id":"10.32.1.5","component_id":"46d64383-2422-41f1-b8b0-64484484f561","component_name":"locationtracker-srv","component_instance":0,"source_instance":0,"organization_name":"32e70d48trial","organization_id":"3096625c-a615-4794-b230-ad07a78f81a6","space_name":"dev","space_id":"311b2b8e-ad70-4250-b564-f04f2f3949ff","msg":"server listening on { url: 'http://localhost:8080' }","type":"log"} (STDOUT, APP/PROC/WEB)#
#2026 05 30 18:20:27.398#Z#DEBUG#16392d49-5c54-11f1-800c-eeee0a9386c4.locationtracker-srv#flowable-async-job-executor-thread-2066#
[PollStageAppStatusExecution] 46d64383-2422-41f1-b8b0-64484484f561 [2026-05-30T18:11:16.417391] {"level":"info","logger":"cds","timestamp":"2026-05-30T18:11:16.417Z","layer":"cds","component_type":"application","container_id":"10.32.1.5","component_id":"46d64383-2422-41f1-b8b0-64484484f561","component_name":"locationtracker-srv","component_instance":0,"source_instance":0,"organization_name":"32e70d48trial","organization_id":"3096625c-a615-4794-b230-ad07a78f81a6","space_name":"dev","space_id":"311b2b8e-ad70-4250-b564-f04f2f3949ff","msg":"server v9.9.0 launched in 845 ms","type":"log"} (STDOUT, APP/PROC/WEB)#
#2026 05 30 18:20:27.398#Z#DEBUG#16392d49-5c54-11f1-800c-eeee0a9386c4.locationtracker-srv#flowable-async-job-executor-thread-2066#
[PollStageAppStatusExecution] 46d64383-2422-41f1-b8b0-64484484f561 [2026-05-30T18:11:17.659743] Container became healthy (STDOUT, CELL)#
#2026 05 30 18:20:27.398#Z#DEBUG#16392d49-5c54-11f1-800c-eeee0a9386c4.locationtracker-srv#flowable-async-job-executor-thread-2066#
[PollStageAppStatusExecution] 46d64383-2422-41f1-b8b0-64484484f561 [2026-05-30T18:11:17.700098] Process became ready with guid 46d64383-2422-41f1-b8b0-64484484f561 payload: {"instance"=>"080dd5c9-cfc9-4817-689a-4207", "index"=>0, "cell_id"=>"1ea14514-f0fe-461c-9aa9-a53bbe093b00", "ready"=>true, "version"=>"a014389d-2395-41b6-be6c-b5f78a72d543"} (STDOUT, API)#
#2026 05 30 18:20:27.398#Z#DEBUG#16392d49-5c54-11f1-800c-eeee0a9386c4.locationtracker-srv#flowable-async-job-executor-thread-2066#
[PollStageAppStatusExecution] 46d64383-2422-41f1-b8b0-64484484f561 [2026-05-30T18:11:34.143171] Cell 4401fcd0-006d-4ceb-9b51-aa22a1b186cf destroying container for instance f5eda558-7547-481d-4b1c-347e (STDOUT, CELL)#
#2026 05 30 18:20:27.398#Z#DEBUG#16392d49-5c54-11f1-800c-eeee0a9386c4.locationtracker-srv#flowable-async-job-executor-thread-2066#
[PollStageAppStatusExecution] 46d64383-2422-41f1-b8b0-64484484f561 [2026-05-30T18:11:34.342905] Exit status 137 (STDOUT, PROXY)#
#2026 05 30 18:20:27.398#Z#DEBUG#16392d49-5c54-11f1-800c-eeee0a9386c4.locationtracker-srv#flowable-async-job-executor-thread-2066#
[PollStageAppStatusExecution] 46d64383-2422-41f1-b8b0-64484484f561 [2026-05-30T18:11:37.261266] Cell 4401fcd0-006d-4ceb-9b51-aa22a1b186cf successfully destroyed container for instance f5eda558-7547-481d-4b1c-347e (STDOUT, CELL)#
#2026 05 30 18:20:27.398#Z#DEBUG#16392d49-5c54-11f1-800c-eeee0a9386c4.locationtracker-srv#flowable-async-job-executor-thread-2066#
[PollStageAppStatusExecution] 46d64383-2422-41f1-b8b0-64484484f561 [2026-05-30T18:15:34.786807] Downloading droplet for app with guid 46d64383-2422-41f1-b8b0-64484484f561 (STDOUT, API)#
#2026 05 30 18:20:27.398#Z#DEBUG#16392d49-5c54-11f1-800c-eeee0a9386c4.locationtracker-srv#flowable-async-job-executor-thread-2066#
[PollStageAppStatusExecution] 46d64383-2422-41f1-b8b0-64484484f561 [2026-05-30T18:19:38.337442] Updated app with guid 46d64383-2422-41f1-b8b0-64484484f561 ({"lifecycle"=>{"data"=>{"buildpacks"=>["nodejs_buildpack"]}, "type"=>"buildpack"}}) (STDOUT, API)#
#2026 05 30 18:20:27.398#Z#DEBUG#16392d49-5c54-11f1-800c-eeee0a9386c4.locationtracker-srv#flowable-async-job-executor-thread-2066#
[PollStageAppStatusExecution] 46d64383-2422-41f1-b8b0-64484484f561 [2026-05-30T18:19:38.456189] Updating process: "web" (STDOUT, API)#
#2026 05 30 18:20:27.398#Z#DEBUG#16392d49-5c54-11f1-800c-eeee0a9386c4.locationtracker-srv#flowable-async-job-executor-thread-2066#
[PollStageAppStatusExecution] 46d64383-2422-41f1-b8b0-64484484f561 [2026-05-30T18:19:38.599762] Updated app with guid 46d64383-2422-41f1-b8b0-64484484f561 ({"environment_variables"=>"[PRIVATE DATA HIDDEN]"}) (STDOUT, API)#
#2026 05 30 18:20:27.398#Z#DEBUG#16392d49-5c54-11f1-800c-eeee0a9386c4.locationtracker-srv#flowable-async-job-executor-thread-2066#
[PollStageAppStatusExecution] 46d64383-2422-41f1-b8b0-64484484f561 [2026-05-30T18:20:07.427512] Uploading app package for app with guid 46d64383-2422-41f1-b8b0-64484484f561 (STDOUT, API)#
#2026 05 30 18:20:27.398#Z#DEBUG#16392d49-5c54-11f1-800c-eeee0a9386c4.locationtracker-srv#flowable-async-job-executor-thread-2066#
[PollStageAppStatusExecution] 46d64383-2422-41f1-b8b0-64484484f561 [2026-05-30T18:20:07.637842] Updated app with guid 46d64383-2422-41f1-b8b0-64484484f561 ({"environment_variables"=>"[PRIVATE DATA HIDDEN]"}) (STDOUT, API)#
#2026 05 30 18:20:27.398#Z#DEBUG#16392d49-5c54-11f1-800c-eeee0a9386c4.locationtracker-srv#flowable-async-job-executor-thread-2066#
[PollStageAppStatusExecution] 46d64383-2422-41f1-b8b0-64484484f561 [2026-05-30T18:20:17.638253] Stopping app with guid 46d64383-2422-41f1-b8b0-64484484f561 (STDOUT, API)#
#2026 05 30 18:20:27.398#Z#DEBUG#16392d49-5c54-11f1-800c-eeee0a9386c4.locationtracker-srv#flowable-async-job-executor-thread-2066#
[PollStageAppStatusExecution] 46d64383-2422-41f1-b8b0-64484484f561 [2026-05-30T18:20:17.692065] Cell 1ea14514-f0fe-461c-9aa9-a53bbe093b00 stopping instance 080dd5c9-cfc9-4817-689a-4207 (STDOUT, CELL)#
#2026 05 30 18:20:27.398#Z#DEBUG#16392d49-5c54-11f1-800c-eeee0a9386c4.locationtracker-srv#flowable-async-job-executor-thread-2066#
[PollStageAppStatusExecution] 46d64383-2422-41f1-b8b0-64484484f561 [2026-05-30T18:20:17.890018] Creating build for app with guid 46d64383-2422-41f1-b8b0-64484484f561 (STDOUT, API)#
#2026 05 30 18:20:27.398#Z#DEBUG#16392d49-5c54-11f1-800c-eeee0a9386c4.locationtracker-srv#flowable-async-job-executor-thread-2066#
[PollStageAppStatusExecution] 46d64383-2422-41f1-b8b0-64484484f561 [2026-05-30T18:20:18.202426] Downloading nodejs_buildpack... (STDOUT, STG)#
#2026 05 30 18:20:27.398#Z#DEBUG#16392d49-5c54-11f1-800c-eeee0a9386c4.locationtracker-srv#flowable-async-job-executor-thread-2066#
[PollStageAppStatusExecution] 46d64383-2422-41f1-b8b0-64484484f561 [2026-05-30T18:20:18.232769] Downloaded nodejs_buildpack (STDOUT, STG)#
#2026 05 30 18:20:27.398#Z#DEBUG#16392d49-5c54-11f1-800c-eeee0a9386c4.locationtracker-srv#flowable-async-job-executor-thread-2066#
[PollStageAppStatusExecution] 46d64383-2422-41f1-b8b0-64484484f561 [2026-05-30T18:20:18.232836] Cell 1ea14514-f0fe-461c-9aa9-a53bbe093b00 creating container for instance 2f7b68d1-afd6-4903-a82c-e3cbe9561e07 (STDOUT, STG)#
#2026 05 30 18:20:27.398#Z#DEBUG#16392d49-5c54-11f1-800c-eeee0a9386c4.locationtracker-srv#flowable-async-job-executor-thread-2066#
[PollStageAppStatusExecution] 46d64383-2422-41f1-b8b0-64484484f561 [2026-05-30T18:20:19.036866] Security group rules were updated (STDOUT, STG)#
#2026 05 30 18:20:27.398#Z#DEBUG#16392d49-5c54-11f1-800c-eeee0a9386c4.locationtracker-srv#flowable-async-job-executor-thread-2066#
[PollStageAppStatusExecution] 46d64383-2422-41f1-b8b0-64484484f561 [2026-05-30T18:20:19.371647] Cell 1ea14514-f0fe-461c-9aa9-a53bbe093b00 successfully created container for instance 2f7b68d1-afd6-4903-a82c-e3cbe9561e07 (STDOUT, STG)#
#2026 05 30 18:20:27.398#Z#DEBUG#16392d49-5c54-11f1-800c-eeee0a9386c4.locationtracker-srv#flowable-async-job-executor-thread-2066#
[PollStageAppStatusExecution] 46d64383-2422-41f1-b8b0-64484484f561 [2026-05-30T18:20:21.128727] Downloading app package... (STDOUT, STG)#
#2026 05 30 18:20:27.398#Z#DEBUG#16392d49-5c54-11f1-800c-eeee0a9386c4.locationtracker-srv#flowable-async-job-executor-thread-2066#
[PollStageAppStatusExecution] 46d64383-2422-41f1-b8b0-64484484f561 [2026-05-30T18:20:21.128727] Downloading build artifacts cache... (STDOUT, STG)#
#2026 05 30 18:20:27.398#Z#DEBUG#16392d49-5c54-11f1-800c-eeee0a9386c4.locationtracker-srv#flowable-async-job-executor-thread-2066#
[PollStageAppStatusExecution] 46d64383-2422-41f1-b8b0-64484484f561 [2026-05-30T18:20:21.169411] Downloaded build artifacts cache (228B) (STDOUT, STG)#
#2026 05 30 18:20:27.398#Z#DEBUG#16392d49-5c54-11f1-800c-eeee0a9386c4.locationtracker-srv#flowable-async-job-executor-thread-2066#
[PollStageAppStatusExecution] 46d64383-2422-41f1-b8b0-64484484f561 [2026-05-30T18:20:22.180432] Downloaded app package (4.7M) (STDOUT, STG)#
#2026 05 30 18:20:27.398#Z#DEBUG#16392d49-5c54-11f1-800c-eeee0a9386c4.locationtracker-srv#flowable-async-job-executor-thread-2066#
[PollStageAppStatusExecution] 46d64383-2422-41f1-b8b0-64484484f561 [2026-05-30T18:20:22.327263] -----> Nodejs Buildpack version 1.8.44 (STDOUT, STG)#
#2026 05 30 18:20:27.398#Z#DEBUG#16392d49-5c54-11f1-800c-eeee0a9386c4.locationtracker-srv#flowable-async-job-executor-thread-2066#
[PollStageAppStatusExecution] 46d64383-2422-41f1-b8b0-64484484f561 [2026-05-30T18:20:22.712336] -----> Bootstrapping python (STDOUT, STG)#
#2026 05 30 18:20:27.398#Z#DEBUG#16392d49-5c54-11f1-800c-eeee0a9386c4.locationtracker-srv#flowable-async-job-executor-thread-2066#
[PollStageAppStatusExecution] 46d64383-2422-41f1-b8b0-64484484f561 [2026-05-30T18:20:22.712368] -----> Installing python 3.11.14 (STDOUT, STG)#
#2026 05 30 18:20:27.398#Z#DEBUG#16392d49-5c54-11f1-800c-eeee0a9386c4.locationtracker-srv#flowable-async-job-executor-thread-2066#
[PollStageAppStatusExecution] 46d64383-2422-41f1-b8b0-64484484f561 [2026-05-30T18:20:22.712388] Copy [/tmp/buildpacks/ee597f2be8090397/dependencies/b5e0345ae0ae1932e7d56fffaa49a487/python_3.11.14_linux_x64_cflinuxfs4_66f53248.tgz] (STDOUT, STG)#
#2026 05 30 18:20:37.348#Z#DEBUG#16392d49-5c54-11f1-800c-eeee0a9386c4.locationtracker-srv#flowable-async-job-executor-thread-11402#
[PollStageAppStatusExecution] 46d64383-2422-41f1-b8b0-64484484f561 [2026-05-30T18:20:28.249655] -----> Installing binaries (STDOUT, STG)#
#2026 05 30 18:20:37.348#Z#DEBUG#16392d49-5c54-11f1-800c-eeee0a9386c4.locationtracker-srv#flowable-async-job-executor-thread-11402#
[PollStageAppStatusExecution] 46d64383-2422-41f1-b8b0-64484484f561 [2026-05-30T18:20:28.249807] engines.node (package.json): >=20 (STDOUT, STG)#
#2026 05 30 18:20:37.348#Z#DEBUG#16392d49-5c54-11f1-800c-eeee0a9386c4.locationtracker-srv#flowable-async-job-executor-thread-11402#
[PollStageAppStatusExecution] 46d64383-2422-41f1-b8b0-64484484f561 [2026-05-30T18:20:28.249825] engines.npm (package.json): unspecified (use default) (STDOUT, STG)#
#2026 05 30 18:20:37.348#Z#DEBUG#16392d49-5c54-11f1-800c-eeee0a9386c4.locationtracker-srv#flowable-async-job-executor-thread-11402#
[PollStageAppStatusExecution] 46d64383-2422-41f1-b8b0-64484484f561 [2026-05-30T18:20:28.249830] [31;1m**WARNING**[0m Dangerous semver range (>) in engines.node. See: http://docs.cloudfoundry.org/buildpacks/node/node-tips.html (STDOUT, STG)#
#2026 05 30 18:20:37.348#Z#DEBUG#16392d49-5c54-11f1-800c-eeee0a9386c4.locationtracker-srv#flowable-async-job-executor-thread-11402#
[PollStageAppStatusExecution] 46d64383-2422-41f1-b8b0-64484484f561 [2026-05-30T18:20:28.249990] -----> Installing node 24.13.0 (STDOUT, STG)#
#2026 05 30 18:20:37.348#Z#DEBUG#16392d49-5c54-11f1-800c-eeee0a9386c4.locationtracker-srv#flowable-async-job-executor-thread-11402#
[PollStageAppStatusExecution] 46d64383-2422-41f1-b8b0-64484484f561 [2026-05-30T18:20:28.250156] Copy [/tmp/buildpacks/ee597f2be8090397/dependencies/2f5692219fecc3eee6e6d507a6bfe7b9/node_24.13.0_linux_x64_cflinuxfs4_a816dee1.tgz] (STDOUT, STG)#
#2026 05 30 18:20:37.348#Z#DEBUG#16392d49-5c54-11f1-800c-eeee0a9386c4.locationtracker-srv#flowable-async-job-executor-thread-11402#
[PollStageAppStatusExecution] 46d64383-2422-41f1-b8b0-64484484f561 [2026-05-30T18:20:31.690214] Using default npm version: 11.6.2 (STDOUT, STG)#
#2026 05 30 18:20:37.348#Z#DEBUG#16392d49-5c54-11f1-800c-eeee0a9386c4.locationtracker-srv#flowable-async-job-executor-thread-11402#
[PollStageAppStatusExecution] 46d64383-2422-41f1-b8b0-64484484f561 [2026-05-30T18:20:31.690319] -----> Installing yarn 1.22.22 (STDOUT, STG)#
#2026 05 30 18:20:37.348#Z#DEBUG#16392d49-5c54-11f1-800c-eeee0a9386c4.locationtracker-srv#flowable-async-job-executor-thread-11402#
[PollStageAppStatusExecution] 46d64383-2422-41f1-b8b0-64484484f561 [2026-05-30T18:20:31.690375] Copy [/tmp/buildpacks/ee597f2be8090397/dependencies/e3a39aedd1236924d69cc2d0637a8ed2/yarn_1.22.22_linux_noarch_any-stack_4911d0a6.tgz] (STDOUT, STG)#
#2026 05 30 18:20:37.348#Z#DEBUG#16392d49-5c54-11f1-800c-eeee0a9386c4.locationtracker-srv#flowable-async-job-executor-thread-11402#
[PollStageAppStatusExecution] 46d64383-2422-41f1-b8b0-64484484f561 [2026-05-30T18:20:32.163882] Installed yarn 1.22.22 (STDOUT, STG)#
#2026 05 30 18:20:37.348#Z#DEBUG#16392d49-5c54-11f1-800c-eeee0a9386c4.locationtracker-srv#flowable-async-job-executor-thread-11402#
[PollStageAppStatusExecution] 46d64383-2422-41f1-b8b0-64484484f561 [2026-05-30T18:20:32.163903] -----> Creating runtime environment (STDOUT, STG)#
#2026 05 30 18:20:37.348#Z#DEBUG#16392d49-5c54-11f1-800c-eeee0a9386c4.locationtracker-srv#flowable-async-job-executor-thread-11402#
[PollStageAppStatusExecution] 46d64383-2422-41f1-b8b0-64484484f561 [2026-05-30T18:20:32.166166] NODE_ENV=production (STDOUT, STG)#
#2026 05 30 18:20:37.348#Z#DEBUG#16392d49-5c54-11f1-800c-eeee0a9386c4.locationtracker-srv#flowable-async-job-executor-thread-11402#
[PollStageAppStatusExecution] 46d64383-2422-41f1-b8b0-64484484f561 [2026-05-30T18:20:32.166291] NODE_HOME=/tmp/contents477325568/deps/0/node (STDOUT, STG)#
#2026 05 30 18:20:37.348#Z#DEBUG#16392d49-5c54-11f1-800c-eeee0a9386c4.locationtracker-srv#flowable-async-job-executor-thread-11402#
[PollStageAppStatusExecution] 46d64383-2422-41f1-b8b0-64484484f561 [2026-05-30T18:20:32.166307] NODE_MODULES_CACHE=true (STDOUT, STG)#
#2026 05 30 18:20:37.348#Z#DEBUG#16392d49-5c54-11f1-800c-eeee0a9386c4.locationtracker-srv#flowable-async-job-executor-thread-11402#
[PollStageAppStatusExecution] 46d64383-2422-41f1-b8b0-64484484f561 [2026-05-30T18:20:32.166311] NODE_VERBOSE=false (STDOUT, STG)#
#2026 05 30 18:20:37.348#Z#DEBUG#16392d49-5c54-11f1-800c-eeee0a9386c4.locationtracker-srv#flowable-async-job-executor-thread-11402#
[PollStageAppStatusExecution] 46d64383-2422-41f1-b8b0-64484484f561 [2026-05-30T18:20:32.166316] NPM_CONFIG_LOGLEVEL=error (STDOUT, STG)#
#2026 05 30 18:20:37.348#Z#DEBUG#16392d49-5c54-11f1-800c-eeee0a9386c4.locationtracker-srv#flowable-async-job-executor-thread-11402#
[PollStageAppStatusExecution] 46d64383-2422-41f1-b8b0-64484484f561 [2026-05-30T18:20:32.166321] NPM_CONFIG_PRODUCTION=true (STDOUT, STG)#
#2026 05 30 18:20:37.348#Z#DEBUG#16392d49-5c54-11f1-800c-eeee0a9386c4.locationtracker-srv#flowable-async-job-executor-thread-11402#
[PollStageAppStatusExecution] 46d64383-2422-41f1-b8b0-64484484f561 [2026-05-30T18:20:32.166325] -----> Building dependencies (STDOUT, STG)#
#2026 05 30 18:20:37.348#Z#DEBUG#16392d49-5c54-11f1-800c-eeee0a9386c4.locationtracker-srv#flowable-async-job-executor-thread-11402#
[PollStageAppStatusExecution] 46d64383-2422-41f1-b8b0-64484484f561 [2026-05-30T18:20:32.166330] Prebuild detected (node_modules already exists) (STDOUT, STG)#
#2026 05 30 18:20:37.348#Z#DEBUG#16392d49-5c54-11f1-800c-eeee0a9386c4.locationtracker-srv#flowable-async-job-executor-thread-11402#
[PollStageAppStatusExecution] 46d64383-2422-41f1-b8b0-64484484f561 [2026-05-30T18:20:32.166334] Rebuilding any native modules (STDOUT, STG)#
#2026 05 30 18:20:37.348#Z#DEBUG#16392d49-5c54-11f1-800c-eeee0a9386c4.locationtracker-srv#flowable-async-job-executor-thread-11402#
[PollStageAppStatusExecution] 46d64383-2422-41f1-b8b0-64484484f561 [2026-05-30T18:20:33.021553] rebuilt dependencies successfully (STDOUT, STG)#
#2026 05 30 18:20:37.348#Z#DEBUG#16392d49-5c54-11f1-800c-eeee0a9386c4.locationtracker-srv#flowable-async-job-executor-thread-11402#
[PollStageAppStatusExecution] 46d64383-2422-41f1-b8b0-64484484f561 [2026-05-30T18:20:33.023542] npm notice (STDOUT, STG)#
#2026 05 30 18:20:37.348#Z#DEBUG#16392d49-5c54-11f1-800c-eeee0a9386c4.locationtracker-srv#flowable-async-job-executor-thread-11402#
[PollStageAppStatusExecution] 46d64383-2422-41f1-b8b0-64484484f561 [2026-05-30T18:20:33.023555] npm notice New minor version of npm available! 11.6.2 -> 11.16.0 (STDOUT, STG)#
#2026 05 30 18:20:37.348#Z#DEBUG#16392d49-5c54-11f1-800c-eeee0a9386c4.locationtracker-srv#flowable-async-job-executor-thread-11402#
[PollStageAppStatusExecution] 46d64383-2422-41f1-b8b0-64484484f561 [2026-05-30T18:20:33.023563] npm notice Changelog: https://github.com/npm/cli/releases/tag/v11.16.0 (STDOUT, STG)#
#2026 05 30 18:20:37.348#Z#DEBUG#16392d49-5c54-11f1-800c-eeee0a9386c4.locationtracker-srv#flowable-async-job-executor-thread-11402#
[PollStageAppStatusExecution] 46d64383-2422-41f1-b8b0-64484484f561 [2026-05-30T18:20:33.023566] npm notice To update run: npm install -g npm@11.16.0 (STDOUT, STG)#
#2026 05 30 18:20:37.348#Z#DEBUG#16392d49-5c54-11f1-800c-eeee0a9386c4.locationtracker-srv#flowable-async-job-executor-thread-11402#
[PollStageAppStatusExecution] 46d64383-2422-41f1-b8b0-64484484f561 [2026-05-30T18:20:33.023570] npm notice (STDOUT, STG)#
#2026 05 30 18:20:37.348#Z#DEBUG#16392d49-5c54-11f1-800c-eeee0a9386c4.locationtracker-srv#flowable-async-job-executor-thread-11402#
[PollStageAppStatusExecution] 46d64383-2422-41f1-b8b0-64484484f561 [2026-05-30T18:20:33.111380] Installing any new modules (package.json + package-lock.json) (STDOUT, STG)#
#2026 05 30 18:20:37.348#Z#DEBUG#16392d49-5c54-11f1-800c-eeee0a9386c4.locationtracker-srv#flowable-async-job-executor-thread-11402#
[PollStageAppStatusExecution] 46d64383-2422-41f1-b8b0-64484484f561 [2026-05-30T18:20:34.033537] removed 1 package in 821ms (STDOUT, STG)#
#2026 05 30 18:20:37.348#Z#DEBUG#16392d49-5c54-11f1-800c-eeee0a9386c4.locationtracker-srv#flowable-async-job-executor-thread-11402#
[PollStageAppStatusExecution] 46d64383-2422-41f1-b8b0-64484484f561 [2026-05-30T18:20:34.033772] 19 packages are looking for funding (STDOUT, STG)#
#2026 05 30 18:20:37.348#Z#DEBUG#16392d49-5c54-11f1-800c-eeee0a9386c4.locationtracker-srv#flowable-async-job-executor-thread-11402#
[PollStageAppStatusExecution] 46d64383-2422-41f1-b8b0-64484484f561 [2026-05-30T18:20:34.033875] run `npm fund` for details (STDOUT, STG)#
#2026 05 30 18:20:37.348#Z#DEBUG#16392d49-5c54-11f1-800c-eeee0a9386c4.locationtracker-srv#flowable-async-job-executor-thread-11402#
[PollStageAppStatusExecution] 46d64383-2422-41f1-b8b0-64484484f561 [2026-05-30T18:20:35.005819] Contrast Security no credentials found. Will not write environment files. (STDOUT, STG)#
#2026 05 30 18:20:57.385#Z#DEBUG#16392d49-5c54-11f1-800c-eeee0a9386c4.locationtracker-srv#flowable-async-job-executor-thread-11418#
[PollStageAppStatusExecution] 46d64383-2422-41f1-b8b0-64484484f561 [2026-05-30T18:20:48.943813] Exit status 0 (STDOUT, STG)#
#2026 05 30 18:20:57.385#Z#DEBUG#16392d49-5c54-11f1-800c-eeee0a9386c4.locationtracker-srv#flowable-async-job-executor-thread-11418#
[PollStageAppStatusExecution] 46d64383-2422-41f1-b8b0-64484484f561 [2026-05-30T18:20:48.943873] Uploading droplet, build artifacts cache... (STDOUT, STG)#
#2026 05 30 18:20:57.385#Z#DEBUG#16392d49-5c54-11f1-800c-eeee0a9386c4.locationtracker-srv#flowable-async-job-executor-thread-11418#
[PollStageAppStatusExecution] 46d64383-2422-41f1-b8b0-64484484f561 [2026-05-30T18:20:48.943920] Uploading droplet... (STDOUT, STG)#
#2026 05 30 18:20:57.385#Z#DEBUG#16392d49-5c54-11f1-800c-eeee0a9386c4.locationtracker-srv#flowable-async-job-executor-thread-11418#
[PollStageAppStatusExecution] 46d64383-2422-41f1-b8b0-64484484f561 [2026-05-30T18:20:48.943946] Uploading build artifacts cache... (STDOUT, STG)#
#2026 05 30 18:20:57.385#Z#DEBUG#16392d49-5c54-11f1-800c-eeee0a9386c4.locationtracker-srv#flowable-async-job-executor-thread-11418#
[PollStageAppStatusExecution] 46d64383-2422-41f1-b8b0-64484484f561 [2026-05-30T18:20:48.988643] Uploaded build artifacts cache (227B) (STDOUT, STG)#
#2026 05 30 18:20:57.385#Z#DEBUG#16392d49-5c54-11f1-800c-eeee0a9386c4.locationtracker-srv#flowable-async-job-executor-thread-11418#
[PollStageAppStatusExecution] 46d64383-2422-41f1-b8b0-64484484f561 [2026-05-30T18:20:49.769051] Creating droplet for app with guid 46d64383-2422-41f1-b8b0-64484484f561 (STDOUT, API)#
#2026 05 30 18:20:57.385#Z#DEBUG#16392d49-5c54-11f1-800c-eeee0a9386c4.locationtracker-srv#flowable-async-job-executor-thread-11418#
[PollStageAppStatusExecution] 46d64383-2422-41f1-b8b0-64484484f561 [2026-05-30T18:20:51.847286] Uploaded droplet (59.6M) (STDOUT, STG)#
#2026 05 30 18:20:57.385#Z#DEBUG#16392d49-5c54-11f1-800c-eeee0a9386c4.locationtracker-srv#flowable-async-job-executor-thread-11418#
[PollStageAppStatusExecution] 46d64383-2422-41f1-b8b0-64484484f561 [2026-05-30T18:20:51.888852] Uploading complete (STDOUT, STG)#
#2026 05 30 18:20:57.385#Z#DEBUG#16392d49-5c54-11f1-800c-eeee0a9386c4.locationtracker-srv#flowable-async-job-executor-thread-11418#
[PollStageAppStatusExecution] 46d64383-2422-41f1-b8b0-64484484f561 [2026-05-30T18:20:52.670371] Cell 1ea14514-f0fe-461c-9aa9-a53bbe093b00 stopping instance 2f7b68d1-afd6-4903-a82c-e3cbe9561e07 (STDOUT, STG)#
#2026 05 30 18:20:57.385#Z#DEBUG#16392d49-5c54-11f1-800c-eeee0a9386c4.locationtracker-srv#flowable-async-job-executor-thread-11418#
[PollStageAppStatusExecution] 46d64383-2422-41f1-b8b0-64484484f561 [2026-05-30T18:20:52.670422] Cell 1ea14514-f0fe-461c-9aa9-a53bbe093b00 destroying container for instance 2f7b68d1-afd6-4903-a82c-e3cbe9561e07 (STDOUT, STG)#
#2026 05 30 18:20:57.385#Z#DEBUG#16392d49-5c54-11f1-800c-eeee0a9386c4.locationtracker-srv#flowable-async-job-executor-thread-11418#
[PollStageAppStatusExecution] 46d64383-2422-41f1-b8b0-64484484f561 [2026-05-30T18:20:52.744392] Staging complete for build 2f7b68d1-afd6-4903-a82c-e3cbe9561e07 (STDOUT, API)#
#2026 05 30 18:20:57.385#Z#DEBUG#16392d49-5c54-11f1-800c-eeee0a9386c4.locationtracker-srv#flowable-async-job-executor-thread-11418#
[PollStageAppStatusExecution] 46d64383-2422-41f1-b8b0-64484484f561 [2026-05-30T18:20:55.959489] Cell 1ea14514-f0fe-461c-9aa9-a53bbe093b00 successfully destroyed container for instance 2f7b68d1-afd6-4903-a82c-e3cbe9561e07 (STDOUT, STG)#
#2026 05 30 18:21:07.450#Z#DEBUG#16392d49-5c54-11f1-800c-eeee0a9386c4.locationtracker-srv#flowable-async-job-executor-thread-11423#
[PollStartAppStatusExecution] 46d64383-2422-41f1-b8b0-64484484f561 [2026-05-30T18:20:57.458260] Updated app with guid 46d64383-2422-41f1-b8b0-64484484f561 ({:droplet_guid=>"2850134f-5b48-4def-8b7e-6f0ceda69bb1"}) (STDOUT, API)#
#2026 05 30 18:21:07.450#Z#DEBUG#16392d49-5c54-11f1-800c-eeee0a9386c4.locationtracker-srv#flowable-async-job-executor-thread-11423#
[PollStartAppStatusExecution] 46d64383-2422-41f1-b8b0-64484484f561 [2026-05-30T18:20:57.783538] Creating revision for app with guid 46d64383-2422-41f1-b8b0-64484484f561 (STDOUT, API)#
#2026 05 30 18:21:07.450#Z#DEBUG#16392d49-5c54-11f1-800c-eeee0a9386c4.locationtracker-srv#flowable-async-job-executor-thread-11423#
[PollStartAppStatusExecution] 46d64383-2422-41f1-b8b0-64484484f561 [2026-05-30T18:20:57.846839] Starting app with guid 46d64383-2422-41f1-b8b0-64484484f561 (STDOUT, API)#
#2026 05 30 18:21:07.450#Z#DEBUG#16392d49-5c54-11f1-800c-eeee0a9386c4.locationtracker-srv#flowable-async-job-executor-thread-11423#
[PollStartAppStatusExecution] 46d64383-2422-41f1-b8b0-64484484f561 [2026-05-30T18:20:58.107831] Cell 54b50d35-322b-4617-baa3-c13476b47cb5 creating container for instance e2e5430a-d726-43eb-55df-731c (STDOUT, CELL)#
#2026 05 30 18:21:07.450#Z#DEBUG#16392d49-5c54-11f1-800c-eeee0a9386c4.locationtracker-srv#flowable-async-job-executor-thread-11423#
[PollStartAppStatusExecution] 46d64383-2422-41f1-b8b0-64484484f561 [2026-05-30T18:20:58.958705] Security group rules were updated (STDOUT, CELL)#
#2026 05 30 18:21:07.450#Z#DEBUG#16392d49-5c54-11f1-800c-eeee0a9386c4.locationtracker-srv#flowable-async-job-executor-thread-11423#
[PollStartAppStatusExecution] 46d64383-2422-41f1-b8b0-64484484f561 [2026-05-30T18:20:59.066316] Cell 54b50d35-322b-4617-baa3-c13476b47cb5 successfully created container for instance e2e5430a-d726-43eb-55df-731c (STDOUT, CELL)#
#2026 05 30 18:21:07.450#Z#DEBUG#16392d49-5c54-11f1-800c-eeee0a9386c4.locationtracker-srv#flowable-async-job-executor-thread-11423#
[PollStartAppStatusExecution] 46d64383-2422-41f1-b8b0-64484484f561 [2026-05-30T18:21:00.004716] Downloading droplet... (STDOUT, CELL)#
#2026 05 30 18:21:07.450#Z#DEBUG#16392d49-5c54-11f1-800c-eeee0a9386c4.locationtracker-srv#flowable-async-job-executor-thread-11423#
[PollStartAppStatusExecution] 46d64383-2422-41f1-b8b0-64484484f561 [2026-05-30T18:21:05.304258] Downloaded droplet (59.6M) (STDOUT, CELL)#
#2026 05 30 18:21:07.450#Z#DEBUG#16392d49-5c54-11f1-800c-eeee0a9386c4.locationtracker-srv#flowable-async-job-executor-thread-11423#
[PollStartAppStatusExecution] 46d64383-2422-41f1-b8b0-64484484f561 [2026-05-30T18:21:05.304401] Starting health monitoring of container (STDOUT, CELL)#
#2026 05 30 18:21:07.450#Z#DEBUG#16392d49-5c54-11f1-800c-eeee0a9386c4.locationtracker-srv#flowable-async-job-executor-thread-11423#
[PollStartAppStatusExecution] 46d64383-2422-41f1-b8b0-64484484f561 [2026-05-30T18:21:05.460964] Invoking pre-start scripts. (STDOUT, APP/PROC/WEB)#
#2026 05 30 18:21:07.450#Z#DEBUG#16392d49-5c54-11f1-800c-eeee0a9386c4.locationtracker-srv#flowable-async-job-executor-thread-11423#
[PollStartAppStatusExecution] 46d64383-2422-41f1-b8b0-64484484f561 [2026-05-30T18:21:05.752993] Invoking start command. (STDOUT, APP/PROC/WEB)#
#2026 05 30 18:21:07.450#Z#DEBUG#16392d49-5c54-11f1-800c-eeee0a9386c4.locationtracker-srv#flowable-async-job-executor-thread-11423#
[PollStartAppStatusExecution] 46d64383-2422-41f1-b8b0-64484484f561 [2026-05-30T18:21:06.302599] > locationtracker@1.0.0 start (STDOUT, APP/PROC/WEB)#
#2026 05 30 18:21:07.450#Z#DEBUG#16392d49-5c54-11f1-800c-eeee0a9386c4.locationtracker-srv#flowable-async-job-executor-thread-11423#
[PollStartAppStatusExecution] 46d64383-2422-41f1-b8b0-64484484f561 [2026-05-30T18:21:06.302616] > cds-serve (STDOUT, APP/PROC/WEB)#
#2026 05 30 18:21:07.450#Z#DEBUG#16392d49-5c54-11f1-800c-eeee0a9386c4.locationtracker-srv#flowable-async-job-executor-thread-11423#
[PollStartAppStatusExecution] 46d64383-2422-41f1-b8b0-64484484f561 [2026-05-30T18:21:06.390719] [cds] - bootstrapping from { file: 'server.js' } (STDOUT, APP/PROC/WEB)#
#2026 05 30 18:21:07.450#Z#DEBUG#16392d49-5c54-11f1-800c-eeee0a9386c4.locationtracker-srv#flowable-async-job-executor-thread-11423#
[PollStartAppStatusExecution] 46d64383-2422-41f1-b8b0-64484484f561 [2026-05-30T18:21:06.825218] {"level":"info","logger":"cds","timestamp":"2026-05-30T18:21:06.823Z","layer":"cds","component_type":"application","container_id":"10.32.1.6","component_id":"46d64383-2422-41f1-b8b0-64484484f561","component_name":"locationtracker-srv","component_instance":0,"source_instance":0,"organization_name":"32e70d48trial","organization_id":"3096625c-a615-4794-b230-ad07a78f81a6","space_name":"dev","space_id":"311b2b8e-ad70-4250-b564-f04f2f3949ff","msg":"connect to db > hana {\n  database_id: '03d993f6-3844-4d66-9553-715021ab076b',\n  host: '03d993f6-3844-4d66-9553-715021ab076b.hana.prod-ap21.hanacloud.ondemand.com',\n  port: '443',\n  driver: 'com.sap.db.jdbc.Driver',\n  url: 'jdbc:sap://03d993f6-3844-4d66-9553-715021ab076b.hana.prod-ap21.hanacloud.ondemand.com:443?encrypt=true&validateCertificate=true&currentschema=BB112AD32AA34196814BD1874D7002CE',\n  schema: 'BB112AD32AA34196814BD1874D7002CE',\n  certificate: '...',\n  hdi_user: 'BB112AD32AA34196814BD1874D7002CE_F1DMRQB1KXP88P9OOUQBE7XOQ_DT',\n  hdi_password: '...',\n  user: 'BB112AD32AA34196814BD1874D7002CE_F1DMRQB1KXP88P9OOUQBE7XOQ_RT',\n  password: '...'\n}","type":"log"} (STDOUT, APP/PROC/WEB)#
#2026 05 30 18:21:07.450#Z#DEBUG#16392d49-5c54-11f1-800c-eeee0a9386c4.locationtracker-srv#flowable-async-job-executor-thread-11423#
[PollStartAppStatusExecution] 46d64383-2422-41f1-b8b0-64484484f561 [2026-05-30T18:21:06.932875] {"level":"info","logger":"cds","timestamp":"2026-05-30T18:21:06.932Z","layer":"cds","component_type":"application","container_id":"10.32.1.6","component_id":"46d64383-2422-41f1-b8b0-64484484f561","component_name":"locationtracker-srv","component_instance":0,"source_instance":0,"organization_name":"32e70d48trial","organization_id":"3096625c-a615-4794-b230-ad07a78f81a6","space_name":"dev","space_id":"311b2b8e-ad70-4250-b564-f04f2f3949ff","msg":"loaded model from 1 file(s):\n ","type":"log"} (STDOUT, APP/PROC/WEB)#
#2026 05 30 18:21:07.450#Z#DEBUG#16392d49-5c54-11f1-800c-eeee0a9386c4.locationtracker-srv#flowable-async-job-executor-thread-11423#
[PollStartAppStatusExecution] 46d64383-2422-41f1-b8b0-64484484f561 [2026-05-30T18:21:06.933222] srv/csn.json (STDOUT, APP/PROC/WEB)#
#2026 05 30 18:21:17.470#Z#DEBUG#16392d49-5c54-11f1-800c-eeee0a9386c4.locationtracker-srv#flowable-async-job-executor-thread-11427#
[PollStartAppStatusExecution] 46d64383-2422-41f1-b8b0-64484484f561 [2026-05-30T18:21:07.157863] {"level":"info","logger":"cds","timestamp":"2026-05-30T18:21:07.157Z","layer":"cds","component_type":"application","container_id":"10.32.1.6","component_id":"46d64383-2422-41f1-b8b0-64484484f561","component_name":"locationtracker-srv","component_instance":0,"source_instance":0,"organization_name":"32e70d48trial","organization_id":"3096625c-a615-4794-b230-ad07a78f81a6","space_name":"dev","space_id":"311b2b8e-ad70-4250-b564-f04f2f3949ff","msg":"using auth strategy { kind: 'xsuaa' }","type":"log"} (STDOUT, APP/PROC/WEB)#
#2026 05 30 18:21:17.470#Z#DEBUG#16392d49-5c54-11f1-800c-eeee0a9386c4.locationtracker-srv#flowable-async-job-executor-thread-11427#
[PollStartAppStatusExecution] 46d64383-2422-41f1-b8b0-64484484f561 [2026-05-30T18:21:07.191717] {"level":"info","logger":"cds","timestamp":"2026-05-30T18:21:07.191Z","layer":"cds","component_type":"application","container_id":"10.32.1.6","component_id":"46d64383-2422-41f1-b8b0-64484484f561","component_name":"locationtracker-srv","component_instance":0,"source_instance":0,"organization_name":"32e70d48trial","organization_id":"3096625c-a615-4794-b230-ad07a78f81a6","space_name":"dev","space_id":"311b2b8e-ad70-4250-b564-f04f2f3949ff","msg":"serving TrackerService {\n  at: [ '/tracker' ],\n  decl: 'srv/csn.json:720',\n  impl: 'srv/tracker_service.js'\n}","type":"log"} (STDOUT, APP/PROC/WEB)#
#2026 05 30 18:21:17.470#Z#DEBUG#16392d49-5c54-11f1-800c-eeee0a9386c4.locationtracker-srv#flowable-async-job-executor-thread-11427#
[PollStartAppStatusExecution] 46d64383-2422-41f1-b8b0-64484484f561 [2026-05-30T18:21:07.199897] {"level":"info","logger":"cds","timestamp":"2026-05-30T18:21:07.199Z","layer":"cds","component_type":"application","container_id":"10.32.1.6","component_id":"46d64383-2422-41f1-b8b0-64484484f561","component_name":"locationtracker-srv","component_instance":0,"source_instance":0,"organization_name":"32e70d48trial","organization_id":"3096625c-a615-4794-b230-ad07a78f81a6","space_name":"dev","space_id":"311b2b8e-ad70-4250-b564-f04f2f3949ff","msg":"server listening on { url: 'http://localhost:8080' }","type":"log"} (STDOUT, APP/PROC/WEB)#
#2026 05 30 18:21:17.470#Z#DEBUG#16392d49-5c54-11f1-800c-eeee0a9386c4.locationtracker-srv#flowable-async-job-executor-thread-11427#
[PollStartAppStatusExecution] 46d64383-2422-41f1-b8b0-64484484f561 [2026-05-30T18:21:07.201542] {"level":"info","logger":"cds","timestamp":"2026-05-30T18:21:07.201Z","layer":"cds","component_type":"application","container_id":"10.32.1.6","component_id":"46d64383-2422-41f1-b8b0-64484484f561","component_name":"locationtracker-srv","component_instance":0,"source_instance":0,"organization_name":"32e70d48trial","organization_id":"3096625c-a615-4794-b230-ad07a78f81a6","space_name":"dev","space_id":"311b2b8e-ad70-4250-b564-f04f2f3949ff","msg":"server v9.9.0 launched in 885 ms","type":"log"} (STDOUT, APP/PROC/WEB)#
#2026 05 30 18:21:17.470#Z#DEBUG#16392d49-5c54-11f1-800c-eeee0a9386c4.locationtracker-srv#flowable-async-job-executor-thread-11427#
[PollStartAppStatusExecution] 46d64383-2422-41f1-b8b0-64484484f561 [2026-05-30T18:21:09.063290] Container became healthy (STDOUT, CELL)#
#2026 05 30 18:21:17.470#Z#DEBUG#16392d49-5c54-11f1-800c-eeee0a9386c4.locationtracker-srv#flowable-async-job-executor-thread-11427#
[PollStartAppStatusExecution] 46d64383-2422-41f1-b8b0-64484484f561 [2026-05-30T18:21:09.096893] Process became ready with guid 46d64383-2422-41f1-b8b0-64484484f561 payload: {"instance"=>"e2e5430a-d726-43eb-55df-731c", "index"=>0, "cell_id"=>"54b50d35-322b-4617-baa3-c13476b47cb5", "ready"=>true, "version"=>"75ffc119-753d-4c9d-9584-7fda05eec853"} (STDOUT, API)#
