#2026 05 21 07:25:23.493#Z#INFO#3b0a2e48-54e6-11f1-9ffc-eeee0a938444.OPERATION#http-nio-0.0.0.0-8080-exec-9#
[XS2StartProcessListener] Operation ID: 3b0a2e48-54e6-11f1-9ffc-eeee0a938444#
#2026 05 21 07:25:23.537#Z#DEBUG#3b0a2e48-54e6-11f1-9ffc-eeee0a938444.OPERATION#http-nio-0.0.0.0-8080-exec-9#
[XS2StartProcessListener] Process environment: {
  "SKIP_SSL_VALIDATION" : "false",
  "FLOWABLE_JOB_EXECUTOR_MAX_THREADS" : "32",
  "VERSION" : "2.45.0",
  "BASIC_AUTH_ENABLED" : "true",
  "FLOWABLE_JOB_EXECUTOR_QUEUE_CAPACITY" : "16",
  "FLOWABLE_JOB_EXECUTOR_CORE_THREADS" : "8"
}#
#2026 05 21 07:25:23.537#Z#DEBUG#3b0a2e48-54e6-11f1-9ffc-eeee0a938444.OPERATION#http-nio-0.0.0.0-8080-exec-9#
[XS2StartProcessListener] Current user: 23052091@kiit.ac.in#
#2026 05 21 07:25:23.537#Z#DEBUG#3b0a2e48-54e6-11f1-9ffc-eeee0a938444.OPERATION#http-nio-0.0.0.0-8080-exec-9#
[XS2StartProcessListener] Client space: dev#
#2026 05 21 07:25:23.537#Z#DEBUG#3b0a2e48-54e6-11f1-9ffc-eeee0a938444.OPERATION#http-nio-0.0.0.0-8080-exec-9#
[XS2StartProcessListener] Client organization: 32e70d48trial#
#2026 05 21 07:25:23.537#Z#INFO#3b0a2e48-54e6-11f1-9ffc-eeee0a938444.OPERATION#http-nio-0.0.0.0-8080-exec-9#
[XS2StartProcessListener] Process variables: {
  "keepFiles" : false,
  "skipAppDigestCalculation" : false,
  "abortOnError" : false,
  "mtaId" : "locationtracker",
  "noFailOnMissingPermissions" : false,
  "isSecurityEnabled" : false,
  "apiRequestPath" : "https://deploy-service.cf.ap21.hana.ondemand.com/api/v1/spaces/311b2b8e-ad70-4250-b564-f04f2f3949ff/operations",
  "deleteServiceBrokers" : false,
  "appArchiveId" : "339d7ccc-7ff7-4165-9269-0fa561d880de",
  "isDisposableUserProvidedServiceEnabled" : false,
  "deleteServiceKeys" : false,
  "noRestartSubscribedApps" : false,
  "noStart" : false,
  "deleteServices" : false
}#
#2026 05 21 07:25:23.643#Z#DEBUG#3b0a2e48-54e6-11f1-9ffc-eeee0a938444.OPERATION#flowable-async-job-executor-thread-1875#
[ValidateDeployParametersStep] Executing task "validateParametersTask" of process "3b0a2e6e-54e6-11f1-9ffc-eeee0a938444"...#
#2026 05 21 07:25:23.643#Z#DEBUG#3b0a2e48-54e6-11f1-9ffc-eeee0a938444.OPERATION#flowable-async-job-executor-thread-1875#
[ValidateDeployParametersStep] Validating parameters...#
#2026 05 21 07:25:23.646#Z#INFO#3b0a2e48-54e6-11f1-9ffc-eeee0a938444.OPERATION#flowable-async-job-executor-thread-1875#
[ValidateDeployParametersStep] Size of mtars is 6,887,528 and size of extension descriptors is 0#
#2026 05 21 07:25:23.696#Z#INFO#3b0a2e48-54e6-11f1-9ffc-eeee0a938444.OPERATION#flowable-async-job-executor-thread-1875#
[ValidateDeployParametersStep] Archive was not split! Total size in bytes: 6,887,528#
#2026 05 21 07:25:23.696#Z#INFO#3b0a2e48-54e6-11f1-9ffc-eeee0a938444.OPERATION#flowable-async-job-executor-thread-1875#
[ValidateDeployParametersStep] Deploying in org "32e70d48trial" and space "dev"#
#2026 05 21 07:25:23.716#Z#DEBUG#3b0a2e48-54e6-11f1-9ffc-eeee0a938444.OPERATION#flowable-async-job-executor-thread-1875#
[ValidateDeployParametersStep] Parameters validated#
#2026 05 21 07:25:23.716#Z#DEBUG#3b0a2e48-54e6-11f1-9ffc-eeee0a938444.OPERATION#flowable-async-job-executor-thread-1875#
Step "Validate Parameters" finished#
#2026 05 21 07:25:23.782#Z#DEBUG#3b0a2e48-54e6-11f1-9ffc-eeee0a938444.OPERATION#flowable-async-job-executor-thread-1876#
[DeleteRemainingFileParts] Executing task "deleteRemainingFileParts" of process "3b0a2e6e-54e6-11f1-9ffc-eeee0a938444"...#
#2026 05 21 07:25:23.783#Z#DEBUG#3b0a2e48-54e6-11f1-9ffc-eeee0a938444.OPERATION#flowable-async-job-executor-thread-1876#
Step "Delete Remaining File Parts" finished#
#2026 05 21 07:25:23.840#Z#DEBUG#3b0a2e48-54e6-11f1-9ffc-eeee0a938444.OPERATION#flowable-async-job-executor-thread-1877#
[XS2ProcessMtaArchiveStep] Executing task "processArchiveTask" of process "3b0a2e6e-54e6-11f1-9ffc-eeee0a938444"...#
#2026 05 21 07:25:23.841#Z#DEBUG#3b0a2e48-54e6-11f1-9ffc-eeee0a938444.OPERATION#flowable-async-job-executor-thread-1877#
[XS2ProcessMtaArchiveStep] Processing MTA archive...#
#2026 05 21 07:25:23.841#Z#DEBUG#3b0a2e48-54e6-11f1-9ffc-eeee0a938444.OPERATION#flowable-async-job-executor-thread-1877#
[XS2ProcessMtaArchiveStep] MTA Archive ID: 339d7ccc-7ff7-4165-9269-0fa561d880de#
#2026 05 21 07:25:24.216#Z#DEBUG#3b0a2e48-54e6-11f1-9ffc-eeee0a938444.OPERATION#flowable-async-job-executor-thread-1877#
[XS2ProcessMtaArchiveStep] MTA Descriptor length: 2,839#
#2026 05 21 07:25:24.216#Z#DEBUG#3b0a2e48-54e6-11f1-9ffc-eeee0a938444.OPERATION#flowable-async-job-executor-thread-1877#
[XS2ProcessMtaArchiveStep] MTA Archive Modules: [locationtracker-srv, locationtracker, locationtracker-app-deployer, locationtracker-db-deployer]#
#2026 05 21 07:25:24.216#Z#DEBUG#3b0a2e48-54e6-11f1-9ffc-eeee0a938444.OPERATION#flowable-async-job-executor-thread-1877#
[XS2ProcessMtaArchiveStep] MTA Archive Requires: []#
#2026 05 21 07:25:24.216#Z#DEBUG#3b0a2e48-54e6-11f1-9ffc-eeee0a938444.OPERATION#flowable-async-job-executor-thread-1877#
[XS2ProcessMtaArchiveStep] MTA Archive Resources: [locationtracker-auth]#
#2026 05 21 07:25:24.243#Z#DEBUG#3b0a2e48-54e6-11f1-9ffc-eeee0a938444.OPERATION#flowable-async-job-executor-thread-1877#
[XS2ProcessMtaArchiveStep] MTA archive processed#
#2026 05 21 07:25:24.243#Z#DEBUG#3b0a2e48-54e6-11f1-9ffc-eeee0a938444.OPERATION#flowable-async-job-executor-thread-1877#
Step "Process Archive" finished#
#2026 05 21 07:25:24.306#Z#DEBUG#3b0a2e48-54e6-11f1-9ffc-eeee0a938444.OPERATION#flowable-async-job-executor-thread-1878#
[ProcessMtaExtensionDescriptorsStep] Executing task "processExtensionDescriptorsTask" of process "3b0a2e6e-54e6-11f1-9ffc-eeee0a938444"...#
#2026 05 21 07:25:24.307#Z#DEBUG#3b0a2e48-54e6-11f1-9ffc-eeee0a938444.OPERATION#flowable-async-job-executor-thread-1878#
[ProcessMtaExtensionDescriptorsStep] Processing MTA extension descriptors...#
#2026 05 21 07:25:24.309#Z#DEBUG#3b0a2e48-54e6-11f1-9ffc-eeee0a938444.OPERATION#flowable-async-job-executor-thread-1878#
[ProcessMtaExtensionDescriptorsStep] Provided extension descriptors: [ ]#
#2026 05 21 07:25:24.309#Z#DEBUG#3b0a2e48-54e6-11f1-9ffc-eeee0a938444.OPERATION#flowable-async-job-executor-thread-1878#
[ProcessMtaExtensionDescriptorsStep] No extension descriptors in use#
#2026 05 21 07:25:24.309#Z#DEBUG#3b0a2e48-54e6-11f1-9ffc-eeee0a938444.OPERATION#flowable-async-job-executor-thread-1878#
[ProcessMtaExtensionDescriptorsStep] MTA extension descriptors processed#
#2026 05 21 07:25:24.309#Z#DEBUG#3b0a2e48-54e6-11f1-9ffc-eeee0a938444.OPERATION#flowable-async-job-executor-thread-1878#
Step "Process Extension Descriptors" finished#
#2026 05 21 07:25:24.367#Z#DEBUG#3b0a2e48-54e6-11f1-9ffc-eeee0a938444.OPERATION#flowable-async-job-executor-thread-1879#
[XS2DetectMtaSchemaVersionStep] Executing task "detectSchemaVersionTask" of process "3b0a2e6e-54e6-11f1-9ffc-eeee0a938444"...#
#2026 05 21 07:25:24.368#Z#DEBUG#3b0a2e48-54e6-11f1-9ffc-eeee0a938444.OPERATION#flowable-async-job-executor-thread-1879#
[XS2DetectMtaSchemaVersionStep] Detecting MTA major schema version...#
#2026 05 21 07:25:24.373#Z#INFO#3b0a2e48-54e6-11f1-9ffc-eeee0a938444.OPERATION#flowable-async-job-executor-thread-1879#
[XS2DetectMtaSchemaVersionStep] Detected MTA schema version: "3"#
#2026 05 21 07:25:24.383#Z#DEBUG#3b0a2e48-54e6-11f1-9ffc-eeee0a938444.OPERATION#flowable-async-job-executor-thread-1879#
Step "Detect Schema Version" finished#
#2026 05 21 07:25:24.436#Z#DEBUG#3b0a2e48-54e6-11f1-9ffc-eeee0a938444.OPERATION#flowable-async-job-executor-thread-1880#
[MergeDescriptorsStep] Executing task "mergeDescriptorsTask" of process "3b0a2e6e-54e6-11f1-9ffc-eeee0a938444"...#
#2026 05 21 07:25:24.437#Z#DEBUG#3b0a2e48-54e6-11f1-9ffc-eeee0a938444.OPERATION#flowable-async-job-executor-thread-1880#
[MergeDescriptorsStep] Validating and merging descriptors...#
#2026 05 21 07:25:24.442#Z#DEBUG#3b0a2e48-54e6-11f1-9ffc-eeee0a938444.OPERATION#flowable-async-job-executor-thread-1880#
[MergeDescriptorsStep] Merged deployment descriptor: {
  "majorSchemaVersion" : 3,
  "schemaVersion" : "3.3.0",
  "id" : "locationtracker",
  "version" : "1.0.0",
  "modules" : [ {
    "majorSchemaVersion" : 3,
    "name" : "locationtracker-srv",
    "type" : "javascript.nodejs",
    "path" : "locationtracker-srv",
    "properties" : { },
    "parameters" : {
      "buildpack" : "nodejs_buildpack",
      "env" : {
        "JWT_SECRET_KEY" : "********"
      },
      "JWT_SECRET_KEY" : "********",
      "instances" : 1
    },
    "requiredDependencies" : [ {
      "majorSchemaVersion" : 3,
      "name" : "********",
      "properties" : { },
      "parameters" : { },
      "propertiesMetadata" : {
        "metadata" : { }
      },
      "parametersMetadata" : {
        "metadata" : { }
      }
    }, {
      "majorSchemaVersion" : 3,
      "name" : "locationtracker-db",
      "properties" : { },
      "parameters" : { },
      "propertiesMetadata" : {
        "metadata" : { }
      },
      "parametersMetadata" : {
        "metadata" : { }
      }
    } ],
    "providedDependencies" : [ {
      "majorSchemaVersion" : 3,
      "name" : "srv-api",
      "isPublic" : false,
      "properties" : {
        "srv-url" : "${default-url}"
      },
      "parameters" : { },
      "propertiesMetadata" : {
        "metadata" : { }
      },
      "parametersMetadata" : {
        "metadata" : { }
      }
    }, {
      "majorSchemaVersion" : 3,
      "name" : "locationtracker-srv",
      "isPublic" : false,
      "properties" : { },
      "parameters" : { },
      "propertiesMetadata" : {
        "metadata" : { }
      },
      "parametersMetadata" : {
        "metadata" : { }
      }
    } ],
    "propertiesMetadata" : {
      "metadata" : { }
    },
    "parametersMetadata" : {
      "metadata" : { }
    },
    "hooks" : [ ]
  }, {
    "majorSchemaVersion" : 3,
    "name" : "locationtracker-db-deployer",
    "type" : "com.sap.xs.hdi",
    "path" : "locationtracker-db-deployer",
    "properties" : {
      "EXIT" : 1
    },
    "parameters" : {
      "memory" : "256M",
      "buildpack" : "nodejs_buildpack",
      "no-route" : true,
      "dependency-type" : "hard",
      "tasks" : [ {
        "name" : "deploy",
        "memory" : "256M",
        "command" : "npm start"
      } ],
      "no-start" : true
    },
    "requiredDependencies" : [ {
      "majorSchemaVersion" : 3,
      "name" : "locationtracker-db",
      "properties" : { },
      "parameters" : { },
      "propertiesMetadata" : {
        "metadata" : { }
      },
      "parametersMetadata" : {
        "metadata" : { }
      }
    } ],
    "providedDependencies" : [ {
      "majorSchemaVersion" : 3,
      "name" : "locationtracker-db-deployer",
      "isPublic" : false,
      "properties" : { },
      "parameters" : { },
      "propertiesMetadata" : {
        "metadata" : { }
      },
      "parametersMetadata" : {
        "metadata" : { }
      }
    } ],
    "propertiesMetadata" : {
      "metadata" : { }
    },
    "parametersMetadata" : {
      "metadata" : { }
    },
    "hooks" : [ ]
  }, {
    "majorSchemaVersion" : 3,
    "name" : "locationtracker",
    "type" : "javascript.nodejs",
    "path" : "locationtracker",
    "properties" : { },
    "parameters" : {
      "disk-quota" : "256M",
      "keep-existing-routes" : true,
      "memory" : "256M"
    },
    "requiredDependencies" : [ {
      "majorSchemaVersion" : 3,
      "name" : "srv-api",
      "group" : "destinations",
      "properties" : {
        "name" : "srv-api",
        "forwardAuthToken" : "********",
        "url" : "~{srv-url}"
      },
      "parameters" : { },
      "propertiesMetadata" : {
        "metadata" : { }
      },
      "parametersMetadata" : {
        "metadata" : { }
      }
    }, {
      "majorSchemaVersion" : 3,
      "name" : "********",
      "properties" : { },
      "parameters" : { },
      "propertiesMetadata" : {
        "metadata" : { }
      },
      "parametersMetadata" : {
        "metadata" : { }
      }
    }, {
      "majorSchemaVersion" : 3,
      "name" : "locationtracker-html5-runtime",
      "properties" : { },
      "parameters" : { },
      "propertiesMetadata" : {
        "metadata" : { }
      },
      "parametersMetadata" : {
        "metadata" : { }
      }
    } ],
    "providedDependencies" : [ {
      "majorSchemaVersion" : 3,
      "name" : "app-api",
      "isPublic" : false,
      "properties" : {
        "app-protocol" : "${protocol}",
        "app-uri" : "${default-uri}"
      },
      "parameters" : { },
      "propertiesMetadata" : {
        "metadata" : { }
      },
      "parametersMetadata" : {
        "metadata" : { }
      }
    }, {
      "majorSchemaVersion" : 3,
      "name" : "locationtracker",
      "isPublic" : false,
      "properties" : { },
      "parameters" : { },
      "propertiesMetadata" : {
        "metadata" : { }
      },
      "parametersMetadata" : {
        "metadata" : { }
      }
    } ],
    "propertiesMetadata" : {
      "metadata" : { }
    },
    "parametersMetadata" : {
      "metadata" : { }
    },
    "hooks" : [ ]
  }, {
    "majorSchemaVersion" : 3,
    "name" : "locationtracker-app-deployer",
    "type" : "com.sap.application.content",
    "path" : "locationtracker-app-deployer",
    "properties" : { },
    "parameters" : { },
    "requiredDependencies" : [ {
      "majorSchemaVersion" : 3,
      "name" : "********",
      "properties" : { },
      "parameters" : { },
      "propertiesMetadata" : {
        "metadata" : { }
      },
      "parametersMetadata" : {
        "metadata" : { }
      }
    }, {
      "majorSchemaVersion" : 3,
      "name" : "srv-api",
      "properties" : { },
      "parameters" : { },
      "propertiesMetadata" : {
        "metadata" : { }
      },
      "parametersMetadata" : {
        "metadata" : { }
      }
    }, {
      "majorSchemaVersion" : 3,
      "name" : "locationtracker-html5-repo-host",
      "properties" : { },
      "parameters" : {
        "config" : {
          "HTML5Runtime_enabled" : true
        },
        "content-target" : true
      },
      "propertiesMetadata" : {
        "metadata" : { }
      },
      "parametersMetadata" : {
        "metadata" : { }
      }
    } ],
    "providedDependencies" : [ {
      "majorSchemaVersion" : 3,
      "name" : "locationtracker-app-deployer",
      "isPublic" : false,
      "properties" : { },
      "parameters" : { },
      "propertiesMetadata" : {
        "metadata" : { }
      },
      "parametersMetadata" : {
        "metadata" : { }
      }
    } ],
    "propertiesMetadata" : {
      "metadata" : { }
    },
    "parametersMetadata" : {
      "metadata" : { }
    },
    "hooks" : [ ]
  } ],
  "resources" : [ {
    "majorSchemaVersion" : 3,
    "name" : "********",
    "type" : "org.cloudfoundry.managed-service",
    "properties" : { },
    "parameters" : {
      "path" : "./xs-security.json",
      "service-plan" : "application",
      "type" : "managed-service",
      "config" : {
        "oauth2-configuration" : "********",
        "role-collections" : [ {
          "description" : "generated",
          "name" : "FleetAdmin (locationtracker ${org}-${space})",
          "role-template-references" : [ "$XSAPPNAME.FleetAdmin" ]
        }, {
          "description" : "generated",
          "name" : "Driver (locationtracker ${org}-${space})",
          "role-template-references" : [ "$XSAPPNAME.Driver" ]
        } ],
        "tenant-mode" : "dedicated",
        "xsappname" : "locationtracker-${org}-${space}"
      },
      "service" : "xsuaa"
    },
    "isActive" : true,
    "isOptional" : false,
    "propertiesMetadata" : {
      "metadata" : { }
    },
    "parametersMetadata" : {
      "metadata" : { }
    },
    "requiredDependencies" : [ {
      "majorSchemaVersion" : 3,
      "name" : "app-api",
      "properties" : { },
      "parameters" : { },
      "propertiesMetadata" : {
        "metadata" : { }
      },
      "parametersMetadata" : {
        "metadata" : { }
      }
    } ],
    "processedAfter" : [ ]
  }, {
    "majorSchemaVersion" : 3,
    "name" : "locationtracker-db",
    "type" : "com.sap.xs.hdi-container",
    "properties" : { },
    "parameters" : {
      "type" : "managed-service",
      "service" : "hana",
      "service-plan" : "hdi-shared"
    },
    "isActive" : true,
    "isOptional" : false,
    "propertiesMetadata" : {
      "metadata" : { }
    },
    "parametersMetadata" : {
      "metadata" : { }
    },
    "requiredDependencies" : [ ],
    "processedAfter" : [ ]
  }, {
    "majorSchemaVersion" : 3,
    "name" : "locationtracker-html5-repo-host",
    "type" : "org.cloudfoundry.managed-service",
    "properties" : { },
    "parameters" : {
      "type" : "managed-service",
      "service" : "html5-apps-repo",
      "service-plan" : "app-host"
    },
    "isActive" : true,
    "isOptional" : false,
    "propertiesMetadata" : {
      "metadata" : { }
    },
    "parametersMetadata" : {
      "metadata" : { }
    },
    "requiredDependencies" : [ ],
    "processedAfter" : [ ]
  }, {
    "majorSchemaVersion" : 3,
    "name" : "locationtracker-html5-runtime",
    "type" : "org.cloudfoundry.managed-service",
    "properties" : { },
    "parameters" : {
      "type" : "managed-service",
      "service" : "html5-apps-repo",
      "service-plan" : "app-runtime"
    },
    "isActive" : true,
    "isOptional" : false,
    "propertiesMetadata" : {
      "metadata" : { }
    },
    "parametersMetadata" : {
      "metadata" : { }
    },
    "requiredDependencies" : [ ],
    "processedAfter" : [ ]
  } ],
  "parameters" : {
    "enable-parallel-deployments" : true,
    "deploy_mode" : "html5-repo"
  },
  "parametersMetadata" : {
    "metadata" : { }
  }
}#
#2026 05 21 07:25:24.447#Z#WARN#3b0a2e48-54e6-11f1-9ffc-eeee0a938444.OPERATION#flowable-async-job-executor-thread-1880#
[MergeDescriptorsStep] Parameter(s) "{locationtracker-srv=[env]}" are not supported in the specified scope, or referenced by any other entities. These parameters are not processed and will be lost after the operation completes. Further usage of these parameters might lead to unexpected results. Use at your own risk.#
#2026 05 21 07:25:24.456#Z#DEBUG#3b0a2e48-54e6-11f1-9ffc-eeee0a938444.OPERATION#flowable-async-job-executor-thread-1880#
[MergeDescriptorsStep] Descriptors validated and merged#
#2026 05 21 07:25:24.456#Z#DEBUG#3b0a2e48-54e6-11f1-9ffc-eeee0a938444.OPERATION#flowable-async-job-executor-thread-1880#
Step "Merge Descriptors" finished#
#2026 05 21 07:25:24.526#Z#DEBUG#3b0a2e48-54e6-11f1-9ffc-eeee0a938444.OPERATION#flowable-async-job-executor-thread-1881#
[DetectDeployedMtaStep] Executing task "detectDeployedMtaTask" of process "3b0a2e6e-54e6-11f1-9ffc-eeee0a938444"...#
#2026 05 21 07:25:24.527#Z#DEBUG#3b0a2e48-54e6-11f1-9ffc-eeee0a938444.OPERATION#flowable-async-job-executor-thread-1881#
[DetectDeployedMtaStep] Detecting deployed MTA...#
#2026 05 21 07:25:24.612#Z#DEBUG#3b0a2e48-54e6-11f1-9ffc-eeee0a938444.OPERATION#flowable-async-job-executor-thread-1881#
[DetectDeployedMtaStep] Detecting MTA by id locationtracker and namespace null#
#2026 05 21 07:25:24.612#Z#DEBUG#3b0a2e48-54e6-11f1-9ffc-eeee0a938444.OPERATION#flowable-async-job-executor-thread-1881#
[DetectDeployedMtaStep] Getting applications by metadata label selector "mta_id=b596206ef50bb86642c1b328a72b0f39,!mta_namespace"...#
#2026 05 21 07:25:24.678#Z#DEBUG#3b0a2e48-54e6-11f1-9ffc-eeee0a938444.OPERATION#flowable-async-job-executor-thread-1881#
[DetectDeployedMtaStep] Getting service instances by metadata label selector "mta_id=b596206ef50bb86642c1b328a72b0f39,!mta_namespace"...#
#2026 05 21 07:25:24.825#Z#DEBUG#3b0a2e48-54e6-11f1-9ffc-eeee0a938444.OPERATION#flowable-async-job-executor-thread-1881#
[DetectDeployedMtaStep] Deployed MTA: {
  "metadata" : {
    "id" : "locationtracker",
    "version" : "1.0.0"
  },
  "applications" : [ {
    "name" : "locationtracker-srv",
    "metadata" : {
      "guid" : "46d64383-2422-41f1-b8b0-64484484f561",
      "createdAt" : [ 2026, 5, 5, 7, 38, 37 ],
      "updatedAt" : [ 2026, 5, 21, 6, 21, 58 ]
    },
    "v3Metadata" : {
      "annotations" : {
        "mta_id" : "locationtracker",
        "mta_version" : "1.0.0",
        "mta_module" : "{\"name\":\"locationtracker-srv\"}",
        "mta_module_provided_dependencies" : "[]",
        "mta_bound_services" : "********"
      },
      "labels" : {
        "mta_id" : "b596206ef50bb86642c1b328a72b0f39"
      }
    },
    "state" : "STARTED",
    "lifecycle" : {
      "type" : "BUILDPACK",
      "data" : {
        "buildpacks" : [ "nodejs_buildpack" ],
        "stack" : "cflinuxfs4"
      }
    },
    "space" : {
      "name" : "dev",
      "metadata" : {
        "guid" : "311b2b8e-ad70-4250-b564-f04f2f3949ff",
        "createdAt" : [ 2026, 4, 20, 11, 8, 3 ],
        "updatedAt" : [ 2026, 4, 20, 11, 8, 3 ]
      },
      "organization" : {
        "name" : "32e70d48trial",
        "metadata" : {
          "guid" : "3096625c-a615-4794-b230-ad07a78f81a6",
          "createdAt" : [ 2026, 4, 20, 11, 8, 2 ],
          "updatedAt" : [ 2026, 4, 20, 11, 8, 3 ]
        }
      }
    },
    "moduleName" : "locationtracker-srv",
    "boundMtaServices" : [ "********", "locationtracker-db" ],
    "providedDependencyNames" : [ ],
    "productizationState" : "LIVE"
  }, {
    "name" : "locationtracker-db-deployer",
    "metadata" : {
      "guid" : "fab40937-1269-4935-a98f-64f5411a1a6d",
      "createdAt" : [ 2026, 5, 5, 7, 38, 37 ],
      "updatedAt" : [ 2026, 5, 21, 6, 21, 40 ]
    },
    "v3Metadata" : {
      "annotations" : {
        "mta_id" : "locationtracker",
        "mta_version" : "1.0.0",
        "mta_module" : "{\"name\":\"locationtracker-db-deployer\"}",
        "mta_module_provided_dependencies" : "[]",
        "mta_bound_services" : "[\"locationtracker-db\"]"
      },
      "labels" : {
        "mta_id" : "b596206ef50bb86642c1b328a72b0f39"
      }
    },
    "state" : "STOPPED",
    "lifecycle" : {
      "type" : "BUILDPACK",
      "data" : {
        "buildpacks" : [ "nodejs_buildpack" ],
        "stack" : "cflinuxfs4"
      }
    },
    "space" : {
      "name" : "dev",
      "metadata" : {
        "guid" : "311b2b8e-ad70-4250-b564-f04f2f3949ff",
        "createdAt" : [ 2026, 4, 20, 11, 8, 3 ],
        "updatedAt" : [ 2026, 4, 20, 11, 8, 3 ]
      },
      "organization" : {
        "name" : "32e70d48trial",
        "metadata" : {
          "guid" : "3096625c-a615-4794-b230-ad07a78f81a6",
          "createdAt" : [ 2026, 4, 20, 11, 8, 2 ],
          "updatedAt" : [ 2026, 4, 20, 11, 8, 3 ]
        }
      }
    },
    "moduleName" : "locationtracker-db-deployer",
    "boundMtaServices" : [ "locationtracker-db" ],
    "providedDependencyNames" : [ ],
    "productizationState" : "LIVE"
  }, {
    "name" : "locationtracker",
    "metadata" : {
      "guid" : "2a3ed614-2b7e-42cd-a1c5-f272d645153b",
      "createdAt" : [ 2026, 5, 12, 6, 36, 43 ],
      "updatedAt" : [ 2026, 5, 21, 6, 22, 8 ]
    },
    "v3Metadata" : {
      "annotations" : {
        "mta_module" : "{\"name\":\"locationtracker\"}",
        "mta_module_provided_dependencies" : "[]",
        "mta_id" : "locationtracker",
        "mta_version" : "1.0.0",
        "mta_bound_services" : "********"
      },
      "labels" : {
        "mta_id" : "b596206ef50bb86642c1b328a72b0f39"
      }
    },
    "state" : "STARTED",
    "lifecycle" : {
      "type" : "BUILDPACK",
      "data" : {
        "buildpacks" : [ ],
        "stack" : "cflinuxfs4"
      }
    },
    "space" : {
      "name" : "dev",
      "metadata" : {
        "guid" : "311b2b8e-ad70-4250-b564-f04f2f3949ff",
        "createdAt" : [ 2026, 4, 20, 11, 8, 3 ],
        "updatedAt" : [ 2026, 4, 20, 11, 8, 3 ]
      },
      "organization" : {
        "name" : "32e70d48trial",
        "metadata" : {
          "guid" : "3096625c-a615-4794-b230-ad07a78f81a6",
          "createdAt" : [ 2026, 4, 20, 11, 8, 2 ],
          "updatedAt" : [ 2026, 4, 20, 11, 8, 3 ]
        }
      }
    },
    "moduleName" : "locationtracker",
    "boundMtaServices" : [ "********", "locationtracker-html5-runtime" ],
    "providedDependencyNames" : [ ],
    "productizationState" : "LIVE"
  } ],
  "services" : [ {
    "name" : "********",
    "metadata" : {
      "guid" : "9cf42078-0a3a-44de-98fd-16d24aff4315",
      "createdAt" : [ 2026, 5, 5, 7, 38, 19 ],
      "updatedAt" : [ 2026, 5, 5, 7, 38, 20 ]
    },
    "v3Metadata" : {
      "annotations" : {
        "mta_id" : "locationtracker",
        "mta_version" : "1.0.0",
        "mta_resource" : "********"
      },
      "labels" : {
        "mta_id" : "b596206ef50bb86642c1b328a72b0f39"
      }
    },
    "label" : "xsuaa",
    "plan" : "application",
    "credentials" : "********",
    "tags" : [ ],
    "type" : "managed",
    "lastOperation" : {
      "type" : "UPDATE",
      "description" : "",
      "state" : "SUCCEEDED"
    },
    "resourceName" : "********"
  }, {
    "name" : "locationtracker-db",
    "metadata" : {
      "guid" : "ff56f99c-05e1-40db-9a2c-d719f645395a",
      "createdAt" : [ 2026, 4, 28, 7, 6, 37 ],
      "updatedAt" : [ 2026, 5, 5, 7, 38, 19 ]
    },
    "v3Metadata" : {
      "annotations" : {
        "mta_id" : "locationtracker",
        "mta_version" : "1.0.0",
        "mta_resource" : "{\"name\":\"locationtracker-db\"}"
      },
      "labels" : {
        "mta_id" : "b596206ef50bb86642c1b328a72b0f39"
      }
    },
    "label" : "hana",
    "plan" : "hdi-shared",
    "credentials" : "********",
    "tags" : [ ],
    "type" : "managed",
    "lastOperation" : {
      "type" : "UPDATE",
      "state" : "SUCCEEDED"
    },
    "resourceName" : "locationtracker-db"
  }, {
    "name" : "locationtracker-html5-runtime",
    "metadata" : {
      "guid" : "2edfc69d-1a24-4aa3-90f6-6d746d5d78fe",
      "createdAt" : [ 2026, 5, 12, 6, 36, 29 ],
      "updatedAt" : [ 2026, 5, 12, 6, 36, 30 ]
    },
    "v3Metadata" : {
      "annotations" : {
        "mta_resource" : "{\"name\":\"locationtracker-html5-runtime\"}",
        "mta_id" : "locationtracker",
        "mta_version" : "1.0.0"
      },
      "labels" : {
        "mta_id" : "b596206ef50bb86642c1b328a72b0f39"
      }
    },
    "label" : "html5-apps-repo",
    "plan" : "app-runtime",
    "credentials" : "********",
    "tags" : [ ],
    "type" : "managed",
    "lastOperation" : {
      "type" : "CREATE",
      "description" : "",
      "state" : "SUCCEEDED"
    },
    "resourceName" : "locationtracker-html5-runtime"
  }, {
    "name" : "locationtracker-html5-repo-host",
    "metadata" : {
      "guid" : "514c787c-0074-4984-b994-198cd1d19d7c",
      "createdAt" : [ 2026, 5, 12, 6, 36, 29 ],
      "updatedAt" : [ 2026, 5, 12, 6, 36, 30 ]
    },
    "v3Metadata" : {
      "annotations" : {
        "mta_version" : "1.0.0",
        "mta_id" : "locationtracker",
        "mta_resource" : "{\"name\":\"locationtracker-html5-repo-host\"}"
      },
      "labels" : {
        "mta_id" : "b596206ef50bb86642c1b328a72b0f39"
      }
    },
    "label" : "html5-apps-repo",
    "plan" : "app-host",
    "credentials" : "********",
    "tags" : [ ],
    "type" : "managed",
    "lastOperation" : {
      "type" : "CREATE",
      "description" : "",
      "state" : "SUCCEEDED"
    },
    "resourceName" : "locationtracker-html5-repo-host"
  } ]
}#
#2026 05 21 07:25:24.825#Z#INFO#3b0a2e48-54e6-11f1-9ffc-eeee0a938444.OPERATION#flowable-async-job-executor-thread-1881#
[DetectDeployedMtaStep] Detected deployed MTA with ID "locationtracker" and version "1.0.0"#
#2026 05 21 07:25:24.849#Z#DEBUG#3b0a2e48-54e6-11f1-9ffc-eeee0a938444.OPERATION#flowable-async-job-executor-thread-1881#
[DetectDeployedMtaStep] Detecting backup mta by id "locationtracker" and namespace "null"#
#2026 05 21 07:25:24.849#Z#DEBUG#3b0a2e48-54e6-11f1-9ffc-eeee0a938444.OPERATION#flowable-async-job-executor-thread-1881#
[DetectDeployedMtaStep] Getting applications by metadata label selector "mta_id=b596206ef50bb86642c1b328a72b0f39,mta_namespace=b698114a0995e936895b9598a6c19a2c"...#
#2026 05 21 07:25:24.889#Z#DEBUG#3b0a2e48-54e6-11f1-9ffc-eeee0a938444.OPERATION#flowable-async-job-executor-thread-1881#
[DetectDeployedMtaStep] Getting service instances by metadata label selector "mta_id=b596206ef50bb86642c1b328a72b0f39,mta_namespace=b698114a0995e936895b9598a6c19a2c"...#
#2026 05 21 07:25:24.999#Z#DEBUG#3b0a2e48-54e6-11f1-9ffc-eeee0a938444.OPERATION#flowable-async-job-executor-thread-1881#
[DetectDeployedMtaStep] Deployed MTA service keys: [ {
  "name" : "********",
  "metadata" : {
    "guid" : "d3441ca9-4427-42a4-b859-2522dc40a8ef",
    "createdAt" : [ 2026, 5, 12, 6, 36, 41 ],
    "updatedAt" : [ 2026, 5, 12, 6, 36, 42 ]
  },
  "v3Metadata" : {
    "annotations" : {
      "mta_id" : "locationtracker",
      "mta_version" : "1.0.0"
    },
    "labels" : {
      "mta_id" : "b596206ef50bb86642c1b328a72b0f39",
      "space_guid" : "311b2b8e-ad70-4250-b564-f04f2f3949ff"
    }
  },
  "serviceInstance" : {
    "name" : "********",
    "metadata" : {
      "guid" : "9cf42078-0a3a-44de-98fd-16d24aff4315",
      "createdAt" : [ 2026, 5, 5, 7, 38, 19 ],
      "updatedAt" : [ 2026, 5, 5, 7, 38, 20 ]
    },
    "v3Metadata" : {
      "annotations" : {
        "mta_id" : "locationtracker",
        "mta_version" : "1.0.0",
        "mta_resource" : "********"
      },
      "labels" : {
        "mta_id" : "b596206ef50bb86642c1b328a72b0f39"
      }
    },
    "credentials" : "********",
    "tags" : [ ],
    "type" : "managed"
  }
}, {
  "name" : "********",
  "metadata" : {
    "guid" : "9b7b42b1-31f4-431a-a576-3d921694c7be",
    "createdAt" : [ 2026, 5, 12, 6, 36, 41 ],
    "updatedAt" : [ 2026, 5, 12, 6, 36, 42 ]
  },
  "v3Metadata" : {
    "annotations" : {
      "mta_id" : "locationtracker",
      "mta_version" : "1.0.0"
    },
    "labels" : {
      "mta_id" : "b596206ef50bb86642c1b328a72b0f39",
      "space_guid" : "311b2b8e-ad70-4250-b564-f04f2f3949ff"
    }
  },
  "serviceInstance" : {
    "name" : "locationtracker-html5-repo-host",
    "metadata" : {
      "guid" : "514c787c-0074-4984-b994-198cd1d19d7c",
      "createdAt" : [ 2026, 5, 12, 6, 36, 29 ],
      "updatedAt" : [ 2026, 5, 12, 6, 36, 30 ]
    },
    "v3Metadata" : {
      "annotations" : {
        "mta_version" : "1.0.0",
        "mta_id" : "locationtracker",
        "mta_resource" : "{\"name\":\"locationtracker-html5-repo-host\"}"
      },
      "labels" : {
        "mta_id" : "b596206ef50bb86642c1b328a72b0f39"
      }
    },
    "credentials" : "********",
    "tags" : [ ],
    "type" : "managed"
  }
} ]#
#2026 05 21 07:25:24.999#Z#DEBUG#3b0a2e48-54e6-11f1-9ffc-eeee0a938444.OPERATION#flowable-async-job-executor-thread-1881#
Step "Detect Deployed MTA" finished#
#2026 05 21 07:25:25.070#Z#DEBUG#3b0a2e48-54e6-11f1-9ffc-eeee0a938444.OPERATION#flowable-async-job-executor-thread-1882#
[XS2CollectSystemParametersStep] Executing task "collectSystemParametersTask" of process "3b0a2e6e-54e6-11f1-9ffc-eeee0a938444"...#
#2026 05 21 07:25:25.071#Z#DEBUG#3b0a2e48-54e6-11f1-9ffc-eeee0a938444.OPERATION#flowable-async-job-executor-thread-1882#
[XS2CollectSystemParametersStep] Collecting system parameters...#
#2026 05 21 07:25:25.073#Z#DEBUG#3b0a2e48-54e6-11f1-9ffc-eeee0a938444.OPERATION#flowable-async-job-executor-thread-1882#
[XS2CollectSystemParametersStep] Getting default domain...#
#2026 05 21 07:25:25.112#Z#DEBUG#3b0a2e48-54e6-11f1-9ffc-eeee0a938444.OPERATION#flowable-async-job-executor-thread-1882#
[XS2CollectSystemParametersStep] Default domain: cfapps.ap21.hana.ondemand.com#
#2026 05 21 07:25:25.115#Z#DEBUG#3b0a2e48-54e6-11f1-9ffc-eeee0a938444.OPERATION#flowable-async-job-executor-thread-1882#
[XS2CollectSystemParametersStep] Checking for overwriting read-only parameters for mta with id: "locationtracker"#
#2026 05 21 07:25:25.115#Z#DEBUG#3b0a2e48-54e6-11f1-9ffc-eeee0a938444.OPERATION#flowable-async-job-executor-thread-1882#
[XS2CollectSystemParametersStep] No read-only parameters are overwritten#
#2026 05 21 07:25:25.149#Z#DEBUG#3b0a2e48-54e6-11f1-9ffc-eeee0a938444.OPERATION#flowable-async-job-executor-thread-1882#
[XS2CollectSystemParametersStep] Descriptor with system parameters: {
  "majorSchemaVersion" : 3,
  "schemaVersion" : "3.3.0",
  "id" : "locationtracker",
  "version" : "1.0.0",
  "modules" : [ {
    "majorSchemaVersion" : 3,
    "name" : "locationtracker-srv",
    "type" : "javascript.nodejs",
    "path" : "locationtracker-srv",
    "properties" : { },
    "parameters" : {
      "default-url" : "${protocol}://${default-uri}",
      "default-app-name" : "locationtracker-srv",
      "generated-password" : "********",
      "default-live-url" : "${protocol}://${default-live-uri}",
      "default-uri" : "${host}.${domain}",
      "default-instances" : 1,
      "default-live-host" : "32e70d48trial-dev-locationtracker-srv",
      "instances" : 1,
      "buildpack" : "nodejs_buildpack",
      "default-host" : "32e70d48trial-dev-locationtracker-srv",
      "env" : {
        "JWT_SECRET_KEY" : "********"
      },
      "JWT_SECRET_KEY" : "********",
      "app-name" : "${default-app-name}",
      "default-live-uri" : "32e70d48trial-dev-locationtracker-srv.${domain}",
      "protocol" : "https",
      "default-live-app-name" : "locationtracker-srv",
      "default-live-domain" : "cfapps.ap21.hana.ondemand.com",
      "domain" : "${default-domain}",
      "host" : "${default-host}",
      "generated-user" : "********"
    },
    "requiredDependencies" : [ {
      "majorSchemaVersion" : 3,
      "name" : "********",
      "properties" : { },
      "parameters" : { },
      "propertiesMetadata" : {
        "metadata" : { }
      },
      "parametersMetadata" : {
        "metadata" : { }
      }
    }, {
      "majorSchemaVersion" : 3,
      "name" : "locationtracker-db",
      "properties" : { },
      "parameters" : { },
      "propertiesMetadata" : {
        "metadata" : { }
      },
      "parametersMetadata" : {
        "metadata" : { }
      }
    } ],
    "providedDependencies" : [ {
      "majorSchemaVersion" : 3,
      "name" : "srv-api",
      "isPublic" : false,
      "properties" : {
        "srv-url" : "${default-url}"
      },
      "parameters" : { },
      "propertiesMetadata" : {
        "metadata" : { }
      },
      "parametersMetadata" : {
        "metadata" : { }
      }
    }, {
      "majorSchemaVersion" : 3,
      "name" : "locationtracker-srv",
      "isPublic" : false,
      "properties" : { },
      "parameters" : { },
      "propertiesMetadata" : {
        "metadata" : { }
      },
      "parametersMetadata" : {
        "metadata" : { }
      }
    } ],
    "propertiesMetadata" : {
      "metadata" : { }
    },
    "parametersMetadata" : {
      "metadata" : { }
    },
    "hooks" : [ ]
  }, {
    "majorSchemaVersion" : 3,
    "name" : "locationtracker-db-deployer",
    "type" : "com.sap.xs.hdi",
    "path" : "locationtracker-db-deployer",
    "properties" : {
      "EXIT" : 1
    },
    "parameters" : {
      "default-url" : "${protocol}://${default-uri}",
      "default-app-name" : "locationtracker-db-deployer",
      "generated-password" : "********",
      "default-live-url" : "${protocol}://${default-live-uri}",
      "default-uri" : "${host}.${domain}",
      "memory" : "256M",
      "default-instances" : 1,
      "no-route" : true,
      "default-live-host" : "32e70d48trial-dev-locationtracker-db-deployer",
      "instances" : "${default-instances}",
      "buildpack" : "nodejs_buildpack",
      "default-host" : "32e70d48trial-dev-locationtracker-db-deployer",
      "app-name" : "${default-app-name}",
      "default-live-uri" : "32e70d48trial-dev-locationtracker-db-deployer.${domain}",
      "protocol" : "https",
      "default-live-app-name" : "locationtracker-db-deployer",
      "default-live-domain" : "cfapps.ap21.hana.ondemand.com",
      "dependency-type" : "hard",
      "domain" : "${default-domain}",
      "host" : "${default-host}",
      "generated-user" : "********",
      "tasks" : [ {
        "name" : "deploy",
        "memory" : "256M",
        "command" : "npm start"
      } ],
      "no-start" : true
    },
    "requiredDependencies" : [ {
      "majorSchemaVersion" : 3,
      "name" : "locationtracker-db",
      "properties" : { },
      "parameters" : { },
      "propertiesMetadata" : {
        "metadata" : { }
      },
      "parametersMetadata" : {
        "metadata" : { }
      }
    } ],
    "providedDependencies" : [ {
      "majorSchemaVersion" : 3,
      "name" : "locationtracker-db-deployer",
      "isPublic" : false,
      "properties" : { },
      "parameters" : { },
      "propertiesMetadata" : {
        "metadata" : { }
      },
      "parametersMetadata" : {
        "metadata" : { }
      }
    } ],
    "propertiesMetadata" : {
      "metadata" : { }
    },
    "parametersMetadata" : {
      "metadata" : { }
    },
    "hooks" : [ ]
  }, {
    "majorSchemaVersion" : 3,
    "name" : "locationtracker",
    "type" : "javascript.nodejs",
    "path" : "locationtracker",
    "properties" : { },
    "parameters" : {
      "default-url" : "${protocol}://${default-uri}",
      "default-app-name" : "locationtracker",
      "generated-password" : "********",
      "default-live-url" : "${protocol}://${default-live-uri}",
      "default-uri" : "${host}.${domain}",
      "memory" : "256M",
      "default-instances" : 1,
      "default-live-host" : "32e70d48trial-dev-locationtracker",
      "instances" : "${default-instances}",
      "default-host" : "32e70d48trial-dev-locationtracker",
      "keep-existing-routes" : true,
      "app-name" : "${default-app-name}",
      "default-live-uri" : "32e70d48trial-dev-locationtracker.${domain}",
      "protocol" : "https",
      "default-live-app-name" : "locationtracker",
      "default-live-domain" : "cfapps.ap21.hana.ondemand.com",
      "disk-quota" : "256M",
      "domain" : "${default-domain}",
      "host" : "${default-host}",
      "generated-user" : "********"
    },
    "requiredDependencies" : [ {
      "majorSchemaVersion" : 3,
      "name" : "srv-api",
      "group" : "destinations",
      "properties" : {
        "name" : "srv-api",
        "forwardAuthToken" : "********",
        "url" : "~{srv-url}"
      },
      "parameters" : { },
      "propertiesMetadata" : {
        "metadata" : { }
      },
      "parametersMetadata" : {
        "metadata" : { }
      }
    }, {
      "majorSchemaVersion" : 3,
      "name" : "********",
      "properties" : { },
      "parameters" : { },
      "propertiesMetadata" : {
        "metadata" : { }
      },
      "parametersMetadata" : {
        "metadata" : { }
      }
    }, {
      "majorSchemaVersion" : 3,
      "name" : "locationtracker-html5-runtime",
      "properties" : { },
      "parameters" : { },
      "propertiesMetadata" : {
        "metadata" : { }
      },
      "parametersMetadata" : {
        "metadata" : { }
      }
    } ],
    "providedDependencies" : [ {
      "majorSchemaVersion" : 3,
      "name" : "app-api",
      "isPublic" : false,
      "properties" : {
        "app-protocol" : "${protocol}",
        "app-uri" : "${default-uri}"
      },
      "parameters" : { },
      "propertiesMetadata" : {
        "metadata" : { }
      },
      "parametersMetadata" : {
        "metadata" : { }
      }
    }, {
      "majorSchemaVersion" : 3,
      "name" : "locationtracker",
      "isPublic" : false,
      "properties" : { },
      "parameters" : { },
      "propertiesMetadata" : {
        "metadata" : { }
      },
      "parametersMetadata" : {
        "metadata" : { }
      }
    } ],
    "propertiesMetadata" : {
      "metadata" : { }
    },
    "parametersMetadata" : {
      "metadata" : { }
    },
    "hooks" : [ ]
  }, {
    "majorSchemaVersion" : 3,
    "name" : "locationtracker-app-deployer",
    "type" : "com.sap.application.content",
    "path" : "locationtracker-app-deployer",
    "properties" : { },
    "parameters" : {
      "default-url" : "${protocol}://${default-uri}",
      "default-app-name" : "locationtracker-app-deployer",
      "generated-password" : "********",
      "default-live-url" : "${protocol}://${default-live-uri}",
      "default-uri" : "${host}.${domain}",
      "default-instances" : 1,
      "default-live-host" : "32e70d48trial-dev-locationtracker-app-deployer",
      "instances" : "${default-instances}",
      "default-host" : "32e70d48trial-dev-locationtracker-app-deployer",
      "app-name" : "${default-app-name}",
      "default-live-uri" : "32e70d48trial-dev-locationtracker-app-deployer.${domain}",
      "protocol" : "https",
      "default-live-app-name" : "locationtracker-app-deployer",
      "default-live-domain" : "cfapps.ap21.hana.ondemand.com",
      "domain" : "${default-domain}",
      "host" : "${default-host}",
      "generated-user" : "********"
    },
    "requiredDependencies" : [ {
      "majorSchemaVersion" : 3,
      "name" : "********",
      "properties" : { },
      "parameters" : { },
      "propertiesMetadata" : {
        "metadata" : { }
      },
      "parametersMetadata" : {
        "metadata" : { }
      }
    }, {
      "majorSchemaVersion" : 3,
      "name" : "srv-api",
      "properties" : { },
      "parameters" : { },
      "propertiesMetadata" : {
        "metadata" : { }
      },
      "parametersMetadata" : {
        "metadata" : { }
      }
    }, {
      "majorSchemaVersion" : 3,
      "name" : "locationtracker-html5-repo-host",
      "properties" : { },
      "parameters" : {
        "config" : {
          "HTML5Runtime_enabled" : true
        },
        "content-target" : true
      },
      "propertiesMetadata" : {
        "metadata" : { }
      },
      "parametersMetadata" : {
        "metadata" : { }
      }
    } ],
    "providedDependencies" : [ {
      "majorSchemaVersion" : 3,
      "name" : "locationtracker-app-deployer",
      "isPublic" : false,
      "properties" : { },
      "parameters" : { },
      "propertiesMetadata" : {
        "metadata" : { }
      },
      "parametersMetadata" : {
        "metadata" : { }
      }
    } ],
    "propertiesMetadata" : {
      "metadata" : { }
    },
    "parametersMetadata" : {
      "metadata" : { }
    },
    "hooks" : [ ]
  } ],
  "resources" : [ {
    "majorSchemaVersion" : 3,
    "name" : "********",
    "type" : "org.cloudfoundry.managed-service",
    "properties" : { },
    "parameters" : {
      "generated-password" : "********",
      "path" : "./xs-security.json",
      "service-name" : "${default-service-name}",
      "service-plan" : "application",
      "service" : "xsuaa",
      "generated-user" : "********",
      "default-xsappname" : "********",
      "type" : "managed-service",
      "config" : {
        "oauth2-configuration" : "********",
        "role-collections" : [ {
          "description" : "generated",
          "name" : "FleetAdmin (locationtracker ${org}-${space})",
          "role-template-references" : [ "$XSAPPNAME.FleetAdmin" ]
        }, {
          "description" : "generated",
          "name" : "Driver (locationtracker ${org}-${space})",
          "role-template-references" : [ "$XSAPPNAME.Driver" ]
        } ],
        "tenant-mode" : "dedicated",
        "xsappname" : "locationtracker-${org}-${space}"
      },
      "default-service-name" : "********",
      "default-container-name" : "********"
    },
    "isActive" : true,
    "isOptional" : false,
    "propertiesMetadata" : {
      "metadata" : { }
    },
    "parametersMetadata" : {
      "metadata" : { }
    },
    "requiredDependencies" : [ {
      "majorSchemaVersion" : 3,
      "name" : "app-api",
      "properties" : { },
      "parameters" : { },
      "propertiesMetadata" : {
        "metadata" : { }
      },
      "parametersMetadata" : {
        "metadata" : { }
      }
    } ],
    "processedAfter" : [ ]
  }, {
    "majorSchemaVersion" : 3,
    "name" : "locationtracker-db",
    "type" : "com.sap.xs.hdi-container",
    "properties" : { },
    "parameters" : {
      "generated-password" : "********",
      "service-name" : "${default-service-name}",
      "service-plan" : "hdi-shared",
      "service" : "hana",
      "generated-user" : "********",
      "default-xsappname" : "locationtracker-db",
      "type" : "managed-service",
      "default-service-name" : "locationtracker-db",
      "default-container-name" : "32E70D48TRIAL_DEV_LOCATIONTRACKER_DB"
    },
    "isActive" : true,
    "isOptional" : false,
    "propertiesMetadata" : {
      "metadata" : { }
    },
    "parametersMetadata" : {
      "metadata" : { }
    },
    "requiredDependencies" : [ ],
    "processedAfter" : [ ]
  }, {
    "majorSchemaVersion" : 3,
    "name" : "locationtracker-html5-repo-host",
    "type" : "org.cloudfoundry.managed-service",
    "properties" : { },
    "parameters" : {
      "generated-password" : "********",
      "service-name" : "${default-service-name}",
      "service-plan" : "app-host",
      "service" : "html5-apps-repo",
      "generated-user" : "********",
      "default-xsappname" : "locationtracker-html5-repo-host",
      "type" : "managed-service",
      "default-service-name" : "locationtracker-html5-repo-host",
      "default-container-name" : "32E70D48TRIAL_DEV_LOCATIONTRACKER_HTML5_REPO_HOST"
    },
    "isActive" : true,
    "isOptional" : false,
    "propertiesMetadata" : {
      "metadata" : { }
    },
    "parametersMetadata" : {
      "metadata" : { }
    },
    "requiredDependencies" : [ ],
    "processedAfter" : [ ]
  }, {
    "majorSchemaVersion" : 3,
    "name" : "locationtracker-html5-runtime",
    "type" : "org.cloudfoundry.managed-service",
    "properties" : { },
    "parameters" : {
      "generated-password" : "********",
      "service-name" : "${default-service-name}",
      "service-plan" : "app-runtime",
      "service" : "html5-apps-repo",
      "generated-user" : "********",
      "default-xsappname" : "locationtracker-html5-runtime",
      "type" : "managed-service",
      "default-service-name" : "locationtracker-html5-runtime",
      "default-container-name" : "32E70D48TRIAL_DEV_LOCATIONTRACKER_HTML5_RUNTIME"
    },
    "isActive" : true,
    "isOptional" : false,
    "propertiesMetadata" : {
      "metadata" : { }
    },
    "parametersMetadata" : {
      "metadata" : { }
    },
    "requiredDependencies" : [ ],
    "processedAfter" : [ ]
  } ],
  "parameters" : {
    "deploy_mode" : "html5-repo",
    "mta-id" : "locationtracker",
    "authorization-url" : "********",
    "org-guid" : "3096625c-a615-4794-b230-ad07a78f81a6",
    "org" : "32e70d48trial",
    "deploy-target" : "32e70d48trial dev",
    "enable-parallel-deployments" : true,
    "space" : "dev",
    "xs-api-url" : "https://api.cf.ap21.hana.ondemand.com",
    "deploy-url" : "deploy-service.cfapps.ap21.hana.ondemand.com",
    "xs-type" : "CF",
    "default-domain" : "cfapps.ap21.hana.ondemand.com",
    "mta-version" : "1.0.0",
    "xs-auth-url" : "********",
    "space-guid" : "311b2b8e-ad70-4250-b564-f04f2f3949ff",
    "user" : "********",
    "controller-url" : "https://api.cf.ap21.hana.ondemand.com",
    "timestamp" : "20260521072523"
  },
  "parametersMetadata" : {
    "metadata" : { }
  }
}#
#2026 05 21 07:25:25.152#Z#DEBUG#3b0a2e48-54e6-11f1-9ffc-eeee0a938444.OPERATION#flowable-async-job-executor-thread-1882#
[XS2CollectSystemParametersStep] Version rule: SAME_HIGHER#
#2026 05 21 07:25:25.152#Z#INFO#3b0a2e48-54e6-11f1-9ffc-eeee0a938444.OPERATION#flowable-async-job-executor-thread-1882#
[XS2CollectSystemParametersStep] Detected new MTA version: "1.0.0"#
#2026 05 21 07:25:25.167#Z#INFO#3b0a2e48-54e6-11f1-9ffc-eeee0a938444.OPERATION#flowable-async-job-executor-thread-1882#
[XS2CollectSystemParametersStep] Deployed MTA version: "1.0.0"#
#2026 05 21 07:25:25.175#Z#DEBUG#3b0a2e48-54e6-11f1-9ffc-eeee0a938444.OPERATION#flowable-async-job-executor-thread-1882#
[XS2CollectSystemParametersStep] MTA accepted for deployment#
#2026 05 21 07:25:25.176#Z#DEBUG#3b0a2e48-54e6-11f1-9ffc-eeee0a938444.OPERATION#flowable-async-job-executor-thread-1882#
[XS2CollectSystemParametersStep] System parameters collected#
#2026 05 21 07:25:25.176#Z#DEBUG#3b0a2e48-54e6-11f1-9ffc-eeee0a938444.OPERATION#flowable-async-job-executor-thread-1882#
Step "Collect System Parameters" finished#
#2026 05 21 07:25:25.242#Z#DEBUG#3b0a2e48-54e6-11f1-9ffc-eeee0a938444.OPERATION#flowable-async-job-executor-thread-1875#
[ProcessDescriptorStep] Executing task "processDescriptorTask" of process "3b0a2e6e-54e6-11f1-9ffc-eeee0a938444"...#
#2026 05 21 07:25:25.243#Z#DEBUG#3b0a2e48-54e6-11f1-9ffc-eeee0a938444.OPERATION#flowable-async-job-executor-thread-1875#
[ProcessDescriptorStep] Resolving properties and parameters in merged descriptor...#
#2026 05 21 07:25:25.247#Z#ERROR#3b0a2e48-54e6-11f1-9ffc-eeee0a938444.OPERATION#flowable-async-job-executor-thread-1875#
Exception caught#
org.cloudfoundry.multiapps.common.ContentException: Error resolving merged descriptor properties and parameters: Unable to resolve "locationtracker-srv#env.JWT_SECRET_KEY" 
	at org.cloudfoundry.multiapps.controller.process.steps.SyncFlowableStep.processException(SyncFlowableStep.java:156)
	at org.cloudfoundry.multiapps.controller.process.steps.SyncFlowableStep.onStepError(SyncFlowableStep.java:151)
	at org.cloudfoundry.multiapps.controller.process.steps.SyncFlowableStep.handleException(SyncFlowableStep.java:127)
	at org.cloudfoundry.multiapps.controller.process.steps.SyncFlowableStep.executeInternal(SyncFlowableStep.java:88)
	at org.cloudfoundry.multiapps.controller.process.steps.SyncFlowableStep.lambda$execute$0(SyncFlowableStep.java:72)
	at org.cloudfoundry.multiapps.controller.core.util.LoggingUtil.logWithCorrelationId(LoggingUtil.java:14)
	at org.cloudfoundry.multiapps.controller.process.steps.SyncFlowableStep.execute(SyncFlowableStep.java:72)
	at org.flowable.engine.impl.delegate.invocation.JavaDelegateInvocation.invoke(JavaDelegateInvocation.java:35)
	at org.flowable.engine.impl.delegate.invocation.DelegateInvocation.proceed(DelegateInvocation.java:32)
	at org.flowable.engine.impl.delegate.invocation.DefaultDelegateInterceptor.handleInvocation(DefaultDelegateInterceptor.java:26)
	at org.flowable.engine.impl.bpmn.behavior.ServiceTaskDelegateExpressionActivityBehavior.execute(ServiceTaskDelegateExpressionActivityBehavior.java:177)
	at org.flowable.engine.impl.agenda.ContinueProcessOperation.executeActivityBehavior(ContinueProcessOperation.java:298)
	at org.flowable.engine.impl.agenda.ContinueProcessOperation.executeSynchronous(ContinueProcessOperation.java:175)
	at org.flowable.engine.impl.agenda.ContinueProcessOperation.continueThroughFlowNode(ContinueProcessOperation.java:125)
	at org.flowable.engine.impl.agenda.ContinueProcessOperation.run(ContinueProcessOperation.java:88)
	at org.flowable.common.engine.impl.AbstractEngineConfiguration.lambda$new$0(AbstractEngineConfiguration.java:198)
	at org.flowable.engine.impl.interceptor.CommandInvoker.executeOperation(CommandInvoker.java:189)
	at org.flowable.engine.impl.interceptor.CommandInvoker.executeOperations(CommandInvoker.java:128)
	at org.flowable.engine.impl.interceptor.CommandInvoker.execute(CommandInvoker.java:80)
	at org.flowable.engine.impl.interceptor.BpmnOverrideContextInterceptor.execute(BpmnOverrideContextInterceptor.java:26)
	at org.flowable.common.engine.impl.interceptor.TransactionContextInterceptor.execute(TransactionContextInterceptor.java:53)
	at org.flowable.common.engine.impl.interceptor.CommandContextInterceptor.execute(CommandContextInterceptor.java:105)
	at org.flowable.common.spring.SpringTransactionInterceptor.lambda$execute$0(SpringTransactionInterceptor.java:57)
	at org.springframework.transaction.support.TransactionTemplate.execute(TransactionTemplate.java:140)
	at org.flowable.common.spring.SpringTransactionInterceptor.execute(SpringTransactionInterceptor.java:57)
	at org.flowable.common.engine.impl.interceptor.LogInterceptor.execute(LogInterceptor.java:30)
	at org.flowable.common.engine.impl.cfg.CommandExecutorImpl.execute(CommandExecutorImpl.java:56)
	at org.flowable.common.engine.impl.cfg.CommandExecutorImpl.execute(CommandExecutorImpl.java:51)
	at org.flowable.job.service.impl.asyncexecutor.ExecuteAsyncRunnable.handleTransactionalJob(ExecuteAsyncRunnable.java:177)
	at org.flowable.job.service.impl.asyncexecutor.ExecuteAsyncRunnable.executeJob(ExecuteAsyncRunnable.java:146)
	at org.flowable.job.service.impl.asyncexecutor.ExecuteAsyncRunnable.runInternally(ExecuteAsyncRunnable.java:122)
	at org.flowable.job.service.impl.asyncexecutor.ExecuteAsyncRunnable.run(ExecuteAsyncRunnable.java:96)
	at java.base/java.util.concurrent.ThreadPoolExecutor.runWorker(ThreadPoolExecutor.java:1090)
	at java.base/java.util.concurrent.ThreadPoolExecutor$Worker.run(ThreadPoolExecutor.java:614)
	at java.base/java.lang.Thread.run(Thread.java:1474)
Caused by: org.cloudfoundry.multiapps.common.ContentException: Unable to resolve "locationtracker-srv#env.JWT_SECRET_KEY"
	at org.cloudfoundry.multiapps.mta.resolvers.PropertiesResolver.getObjectForLateResolveIfPresent(PropertiesResolver.java:156)
	at org.cloudfoundry.multiapps.mta.resolvers.PropertiesResolver.resolveReference(PropertiesResolver.java:131)
	at org.cloudfoundry.multiapps.mta.resolvers.PropertiesResolver.resolveReferenceInContext(PropertiesResolver.java:116)
	at org.cloudfoundry.multiapps.mta.resolvers.PropertiesResolver.resolveReferences(PropertiesResolver.java:78)
	at org.cloudfoundry.multiapps.mta.resolvers.PropertiesResolver.visit(PropertiesResolver.java:72)
	at org.cloudfoundry.multiapps.mta.helpers.VisitableObject.acceptInternal(VisitableObject.java:57)
	at org.cloudfoundry.multiapps.mta.helpers.VisitableObject.accept(VisitableObject.java:34)
	at org.cloudfoundry.multiapps.mta.helpers.VisitableObject.acceptInternal(VisitableObject.java:42)
	at org.cloudfoundry.multiapps.mta.helpers.VisitableObject.accept(VisitableObject.java:32)
	at org.cloudfoundry.multiapps.mta.helpers.VisitableObject.accept(VisitableObject.java:24)
	at org.cloudfoundry.multiapps.mta.resolvers.PropertiesResolver.resolve(PropertiesResolver.java:60)
	at org.cloudfoundry.multiapps.mta.resolvers.PropertiesResolver.resolve(PropertiesResolver.java:56)
	at org.cloudfoundry.multiapps.mta.resolvers.PropertiesPlaceholderResolver.resolve(PropertiesPlaceholderResolver.java:21)
	at org.cloudfoundry.multiapps.mta.resolvers.v2.ModulePlaceholderResolver.getResolvedParameters(ModulePlaceholderResolver.java:58)
	at org.cloudfoundry.multiapps.mta.resolvers.v2.ModulePlaceholderResolver.resolve(ModulePlaceholderResolver.java:39)
	at org.cloudfoundry.multiapps.mta.resolvers.v3.ModulePlaceholderResolver.resolve(ModulePlaceholderResolver.java:30)
	at org.cloudfoundry.multiapps.mta.resolvers.v2.DescriptorPlaceholderResolver.lambda$getResolvedModules$0(DescriptorPlaceholderResolver.java:85)
	at java.base/java.util.stream.ReferencePipeline$3$1.accept(ReferencePipeline.java:214)
	at java.base/java.util.ArrayList$ArrayListSpliterator.forEachRemaining(ArrayList.java:1716)
	at java.base/java.util.stream.AbstractPipeline.copyInto(AbstractPipeline.java:570)
	at java.base/java.util.stream.AbstractPipeline.wrapAndCopyInto(AbstractPipeline.java:560)
	at java.base/java.util.stream.ReduceOps$ReduceOp.evaluateSequential(ReduceOps.java:921)
	at java.base/java.util.stream.AbstractPipeline.evaluate(AbstractPipeline.java:265)
	at java.base/java.util.stream.ReferencePipeline.collect(ReferencePipeline.java:723)
	at org.cloudfoundry.multiapps.mta.resolvers.v2.DescriptorPlaceholderResolver.getResolvedModules(DescriptorPlaceholderResolver.java:86)
	at org.cloudfoundry.multiapps.mta.resolvers.v2.DescriptorPlaceholderResolver.resolve(DescriptorPlaceholderResolver.java:40)
	at org.cloudfoundry.multiapps.mta.resolvers.v2.DescriptorPlaceholderResolver.resolve(DescriptorPlaceholderResolver.java:19)
	at org.cloudfoundry.multiapps.controller.core.helpers.MtaDescriptorPropertiesResolver.resolve(MtaDescriptorPropertiesResolver.java:66)
	at org.cloudfoundry.multiapps.controller.process.steps.ProcessDescriptorStep.executeStep(ProcessDescriptorStep.java:52)
	at org.cloudfoundry.multiapps.controller.process.steps.SyncFlowableStep.executeInternal(SyncFlowableStep.java:82)
	... 31 more
#2026 05 21 07:25:25.259#Z#DEBUG#3b0a2e48-54e6-11f1-9ffc-eeee0a938444.OPERATION#flowable-async-job-executor-thread-1875#
Step "Process Descriptor Step" finished#
