#2026 06 25 06:07:10.360#Z#DEBUG#fc08dd14-705b-11f1-95f0-eeee0a9450f5.locationtracker#flowable-async-job-executor-thread-12790#
[PollStartAppStatusExecution] 021552b4-1b0c-41f7-a94f-b7e7891e004d [2026-06-25T06:06:32.021758] Updated app with guid 021552b4-1b0c-41f7-a94f-b7e7891e004d ({"lifecycle"=>{"data"=>{"buildpacks"=>[]}, "type"=>"buildpack"}}) (STDOUT, API)#
#2026 06 25 06:07:10.360#Z#DEBUG#fc08dd14-705b-11f1-95f0-eeee0a9450f5.locationtracker#flowable-async-job-executor-thread-12790#
[PollStartAppStatusExecution] 021552b4-1b0c-41f7-a94f-b7e7891e004d [2026-06-25T06:06:32.126702] Updating process: "web" (STDOUT, API)#
#2026 06 25 06:07:10.360#Z#DEBUG#fc08dd14-705b-11f1-95f0-eeee0a9450f5.locationtracker#flowable-async-job-executor-thread-12790#
[PollStartAppStatusExecution] 021552b4-1b0c-41f7-a94f-b7e7891e004d [2026-06-25T06:07:01.871443] Starting app with guid 021552b4-1b0c-41f7-a94f-b7e7891e004d (STDOUT, API)#
#2026 06 25 06:07:10.360#Z#DEBUG#fc08dd14-705b-11f1-95f0-eeee0a9450f5.locationtracker#flowable-async-job-executor-thread-12790#
[PollStartAppStatusExecution] 021552b4-1b0c-41f7-a94f-b7e7891e004d [2026-06-25T06:07:02.094117] Cell 4401fcd0-006d-4ceb-9b51-aa22a1b186cf creating container for instance 6b3e311a-5f86-4435-7868-f3b4 (STDOUT, CELL)#
#2026 06 25 06:07:10.360#Z#DEBUG#fc08dd14-705b-11f1-95f0-eeee0a9450f5.locationtracker#flowable-async-job-executor-thread-12790#
[PollStartAppStatusExecution] 021552b4-1b0c-41f7-a94f-b7e7891e004d [2026-06-25T06:07:02.869843] Security group rules were updated (STDOUT, CELL)#
#2026 06 25 06:07:10.360#Z#DEBUG#fc08dd14-705b-11f1-95f0-eeee0a9450f5.locationtracker#flowable-async-job-executor-thread-12790#
[PollStartAppStatusExecution] 021552b4-1b0c-41f7-a94f-b7e7891e004d [2026-06-25T06:07:02.980181] Cell 4401fcd0-006d-4ceb-9b51-aa22a1b186cf successfully created container for instance 6b3e311a-5f86-4435-7868-f3b4 (STDOUT, CELL)#
#2026 06 25 06:07:10.360#Z#DEBUG#fc08dd14-705b-11f1-95f0-eeee0a9450f5.locationtracker#flowable-async-job-executor-thread-12790#
[PollStartAppStatusExecution] 021552b4-1b0c-41f7-a94f-b7e7891e004d [2026-06-25T06:07:03.231239] Downloading droplet... (STDOUT, CELL)#
#2026 06 25 06:07:10.360#Z#DEBUG#fc08dd14-705b-11f1-95f0-eeee0a9450f5.locationtracker#flowable-async-job-executor-thread-12790#
[PollStartAppStatusExecution] 021552b4-1b0c-41f7-a94f-b7e7891e004d [2026-06-25T06:07:08.290853] Downloaded droplet (62.1M) (STDOUT, CELL)#
#2026 06 25 06:07:10.360#Z#DEBUG#fc08dd14-705b-11f1-95f0-eeee0a9450f5.locationtracker#flowable-async-job-executor-thread-12790#
[PollStartAppStatusExecution] 021552b4-1b0c-41f7-a94f-b7e7891e004d [2026-06-25T06:07:08.291119] Starting health monitoring of container (STDOUT, CELL)#
#2026 06 25 06:07:10.360#Z#DEBUG#fc08dd14-705b-11f1-95f0-eeee0a9450f5.locationtracker#flowable-async-job-executor-thread-12790#
[PollStartAppStatusExecution] 021552b4-1b0c-41f7-a94f-b7e7891e004d [2026-06-25T06:07:08.410490] Invoking pre-start scripts. (STDOUT, APP/PROC/WEB)#
#2026 06 25 06:07:10.360#Z#DEBUG#fc08dd14-705b-11f1-95f0-eeee0a9450f5.locationtracker#flowable-async-job-executor-thread-12790#
[PollStartAppStatusExecution] 021552b4-1b0c-41f7-a94f-b7e7891e004d [2026-06-25T06:07:08.648468] Invoking start command. (STDOUT, APP/PROC/WEB)#
#2026 06 25 06:07:10.360#Z#DEBUG#fc08dd14-705b-11f1-95f0-eeee0a9450f5.locationtracker#flowable-async-job-executor-thread-12790#
[PollStartAppStatusExecution] 021552b4-1b0c-41f7-a94f-b7e7891e004d [2026-06-25T06:07:09.102778] > start (STDOUT, APP/PROC/WEB)#
#2026 06 25 06:07:10.360#Z#DEBUG#fc08dd14-705b-11f1-95f0-eeee0a9450f5.locationtracker#flowable-async-job-executor-thread-12790#
[PollStartAppStatusExecution] 021552b4-1b0c-41f7-a94f-b7e7891e004d [2026-06-25T06:07:09.102803] > node node_modules/@sap/approuter/approuter.js (STDOUT, APP/PROC/WEB)#
#2026 06 25 06:07:10.360#Z#DEBUG#fc08dd14-705b-11f1-95f0-eeee0a9450f5.locationtracker#flowable-async-job-executor-thread-12790#
[PollStartAppStatusExecution] 021552b4-1b0c-41f7-a94f-b7e7891e004d [2026-06-25T06:07:09.304835] {"written_at":"2026-06-25T06:07:09.303Z","written_ts":1782367629303000000,"csn_component":"-","correlation_id":"-","type":"log","logger":"nodejs-logger","layer":"/LoggingLibrary","level":"warning","container_id":"10.32.3.5","component_type":"application","component_id":"021552b4-1b0c-41f7-a94f-b7e7891e004d","component_name":"locationtracker","component_instance":-1,"source_instance":-1,"organization_id":"e798cb16-a193-4ee4-a228-ba147135aa22","organization_name":"8cdc8e79trial","space_id":"27c06231-ae14-4b56-84fc-67ce3d72ceab","space_name":"dev","context_id":"","msg":"Dynamic log level switching not available"} (STDOUT, APP/PROC/WEB)#
#2026 06 25 06:07:10.360#Z#DEBUG#fc08dd14-705b-11f1-95f0-eeee0a9450f5.locationtracker#flowable-async-job-executor-thread-12790#
[PollStartAppStatusExecution] 021552b4-1b0c-41f7-a94f-b7e7891e004d [2026-06-25T06:07:09.930701] {"written_at":"2026-06-25T06:07:09.930Z","written_ts":1782367629930000000,"csn_component":"-","correlation_id":"mqt3o12i","type":"log","logger":"nodejs-logger","layer":"/approuter","level":"info","container_id":"10.32.3.5","component_type":"application","component_id":"021552b4-1b0c-41f7-a94f-b7e7891e004d","component_name":"locationtracker","component_instance":-1,"source_instance":-1,"organization_id":"e798cb16-a193-4ee4-a228-ba147135aa22","organization_name":"8cdc8e79trial","space_id":"27c06231-ae14-4b56-84fc-67ce3d72ceab","space_name":"dev","context_id":"mqt3o12i","msg":"Application router version 21.5.0"} (STDOUT, APP/PROC/WEB)#
#2026 06 25 06:07:10.360#Z#DEBUG#fc08dd14-705b-11f1-95f0-eeee0a9450f5.locationtracker#flowable-async-job-executor-thread-12790#
[PollStartAppStatusExecution] 021552b4-1b0c-41f7-a94f-b7e7891e004d [2026-06-25T06:07:09.934544] {"written_at":"2026-06-25T06:07:09.934Z","written_ts":1782367629934000000,"csn_component":"-","correlation_id":"mqt3o12m","type":"log","logger":"nodejs-logger","layer":"/Configuration","level":"info","container_id":"10.32.3.5","component_type":"application","component_id":"021552b4-1b0c-41f7-a94f-b7e7891e004d","component_name":"locationtracker","component_instance":-1,"source_instance":-1,"organization_id":"e798cb16-a193-4ee4-a228-ba147135aa22","organization_name":"8cdc8e79trial","space_id":"27c06231-ae14-4b56-84fc-67ce3d72ceab","space_name":"dev","context_id":"mqt3o12m","msg":"No COOKIES environment variable"} (STDOUT, APP/PROC/WEB)#
#2026 06 25 06:07:10.360#Z#DEBUG#fc08dd14-705b-11f1-95f0-eeee0a9450f5.locationtracker#flowable-async-job-executor-thread-12790#
[PollStartAppStatusExecution] 021552b4-1b0c-41f7-a94f-b7e7891e004d [2026-06-25T06:07:09.990481] {"written_at":"2026-06-25T06:07:09.990Z","written_ts":1782367629990000000,"csn_component":"-","correlation_id":"mqt3o12i","type":"log","logger":"nodejs-logger","layer":"/approuter","level":"info","container_id":"10.32.3.5","component_type":"application","component_id":"021552b4-1b0c-41f7-a94f-b7e7891e004d","component_name":"locationtracker","component_instance":-1,"source_instance":-1,"organization_id":"e798cb16-a193-4ee4-a228-ba147135aa22","organization_name":"8cdc8e79trial","space_id":"27c06231-ae14-4b56-84fc-67ce3d72ceab","space_name":"dev","context_id":"mqt3o12i","msg":"Application router is listening on port: 8080"} (STDOUT, APP/PROC/WEB)#
#2026 06 25 06:07:20.380#Z#DEBUG#fc08dd14-705b-11f1-95f0-eeee0a9450f5.locationtracker#flowable-async-job-executor-thread-12798#
[PollStartAppStatusExecution] 021552b4-1b0c-41f7-a94f-b7e7891e004d [2026-06-25T06:07:11.072068] Container became healthy (STDOUT, CELL)#
#2026 06 25 06:07:20.380#Z#DEBUG#fc08dd14-705b-11f1-95f0-eeee0a9450f5.locationtracker#flowable-async-job-executor-thread-12798#
[PollStartAppStatusExecution] 021552b4-1b0c-41f7-a94f-b7e7891e004d [2026-06-25T06:07:11.090646] Process became ready with guid 021552b4-1b0c-41f7-a94f-b7e7891e004d payload: {"instance"=>"6b3e311a-5f86-4435-7868-f3b4", "index"=>0, "cell_id"=>"4401fcd0-006d-4ceb-9b51-aa22a1b186cf", "ready"=>true, "version"=>"1d1a8b7c-6b79-4494-9909-64ca808b6ad3"} (STDOUT, API)#
